[ 2016-09-09T12:00:18+08:00 ] ::1 /%EF%BF%A52717.80%20_%20%E3%80%90%E7%81%AB%E5%B8%81%E3%80%91%E8%99%9A%E6%8B%9F%E8%B4%A7%E5%B8%81%E4%BA%A4%E6%98%93_%E6%AF%94%E7%89%B9%E5%B8%81%E4%BA%A4%E6%98%93%E5%B9%B3%E5%8F%B0_%E8%99%9A%E6%8B%9F%E5%B8%81%E8%8E%B1%E7%89%B9%E5%B8%81_%E6%AF%94%E7%89%B9%E5%B8%81%E5%AE%98%E7%BD%91_files/page_glb_var.js
INFO: [ app_init ] --START--
INFO: Run Behavior\BuildLiteBehavior [ RunTime:0.000000s ]
INFO: [ app_init ] --END-- [ RunTime:0.001000s ]
ERR: 无法加载模块:￥2717.80 _ 【火币】虚拟货币交易_比特币交易平台_虚拟币莱特币_比特币官网_files

[ 2016-09-09T12:00:18+08:00 ] ::1 /Uploads/Public/Uploads/2016-03-19/56ecc75e1312d.jpg
INFO: [ app_init ] --START--
INFO: Run Behavior\BuildLiteBehavior [ RunTime:0.000000s ]
INFO: [ app_init ] --END-- [ RunTime:0.038003s ]
ERR: 无法加载模块:Uploads

[ 2016-09-09T12:00:19+08:00 ] ::1 /Uploads/Public/Uploads/2016-03-19/56ecc75e1312d.jpg
INFO: [ app_init ] --START--
INFO: Run Behavior\BuildLiteBehavior [ RunTime:0.000000s ]
INFO: [ app_init ] --END-- [ RunTime:0.000000s ]
ERR: 无法加载模块:Uploads

[ 2016-09-09T12:00:19+08:00 ] ::1 /%EF%BF%A52717.80%20_%20%E3%80%90%E7%81%AB%E5%B8%81%E3%80%91%E8%99%9A%E6%8B%9F%E8%B4%A7%E5%B8%81%E4%BA%A4%E6%98%93_%E6%AF%94%E7%89%B9%E5%B8%81%E4%BA%A4%E6%98%93%E5%B9%B3%E5%8F%B0_%E8%99%9A%E6%8B%9F%E5%B8%81%E8%8E%B1%E7%89%B9%E5%B8%81_%E6%AF%94%E7%89%B9%E5%B8%81%E5%AE%98%E7%BD%91_files/page_glb_var.js
INFO: [ app_init ] --START--
INFO: Run Behavior\BuildLiteBehavior [ RunTime:0.000000s ]
INFO: [ app_init ] --END-- [ RunTime:0.001000s ]
ERR: 无法加载模块:￥2717.80 _ 【火币】虚拟货币交易_比特币交易平台_虚拟币莱特币_比特币官网_files

[ 2016-09-09T12:00:19+08:00 ] ::1 /Public/Home/js/dist/page_index.js
INFO: [ app_init ] --START--
INFO: Run Behavior\BuildLiteBehavior [ RunTime:0.000000s ]
INFO: [ app_init ] --END-- [ RunTime:0.001000s ]
ERR: 无法加载模块:Public

[ 2016-09-09T12:00:19+08:00 ] ::1 /Uploads/Public/Uploads/2016-03-19/56ecc75e1312d.jpg
INFO: [ app_init ] --START--
INFO: Run Behavior\BuildLiteBehavior [ RunTime:0.000000s ]
INFO: [ app_init ] --END-- [ RunTime:0.000000s ]
ERR: 无法加载模块:Uploads

[ 2016-09-09T12:00:20+08:00 ] ::1 /favicon.ico
INFO: [ app_init ] --START--
INFO: Run Behavior\BuildLiteBehavior [ RunTime:0.000000s ]
INFO: [ app_init ] --END-- [ RunTime:0.001000s ]
ERR: 无法加载模块:Favicon

[ 2016-09-09T12:01:14+08:00 ] ::1 /Public/Admin/iconfont/iconfont/iconfont.woff?t=1458976880
INFO: [ app_init ] --START--
INFO: Run Behavior\BuildLiteBehavior [ RunTime:0.000000s ]
INFO: [ app_init ] --END-- [ RunTime:0.000000s ]
ERR: 无法加载模块:Public

[ 2016-09-09T12:01:34+08:00 ] ::1 /Public/Admin/iconfont/iconfont/iconfont.woff?t=1458976880
INFO: [ app_init ] --START--
INFO: Run Behavior\BuildLiteBehavior [ RunTime:0.001000s ]
INFO: [ app_init ] --END-- [ RunTime:0.001000s ]
ERR: 无法加载模块:Public

[ 2016-09-09T12:01:57+08:00 ] ::1 /Public/Admin/iconfont/iconfont/iconfont.woff?t=1458976880
INFO: [ app_init ] --START--
INFO: Run Behavior\BuildLiteBehavior [ RunTime:0.000000s ]
INFO: [ app_init ] --END-- [ RunTime:0.001000s ]
ERR: 无法加载模块:Public

[ 2016-09-09T12:02:02+08:00 ] ::1 /Public/kindeditor/plugins/prettify.js
INFO: [ app_init ] --START--
INFO: Run Behavior\BuildLiteBehavior [ RunTime:0.000000s ]
INFO: [ app_init ] --END-- [ RunTime:0.001000s ]
ERR: 无法加载模块:Public

[ 2016-09-09T12:02:02+08:00 ] ::1 /Public/Admin/iconfont/iconfont/iconfont.woff?t=1458976880
INFO: [ app_init ] --START--
INFO: Run Behavior\BuildLiteBehavior [ RunTime:0.000000s ]
INFO: [ app_init ] --END-- [ RunTime:0.000000s ]
ERR: 无法加载模块:Public

[ 2016-09-09T12:02:02+08:00 ] ::1 /Public/kindeditor/plugins/prettify.js
INFO: [ app_init ] --START--
INFO: Run Behavior\BuildLiteBehavior [ RunTime:0.000000s ]
INFO: [ app_init ] --END-- [ RunTime:0.000000s ]
ERR: 无法加载模块:Public

[ 2016-09-09T12:02:14+08:00 ] ::1 /Public/Admin/iconfont/iconfont/iconfont.woff?t=1458976880
INFO: [ app_init ] --START--
INFO: Run Behavior\BuildLiteBehavior [ RunTime:0.000000s ]
INFO: [ app_init ] --END-- [ RunTime:0.001000s ]
ERR: 无法加载模块:Public

[ 2016-09-09T12:02:17+08:00 ] ::1 /Public/Admin/iconfont/iconfont/iconfont.woff?t=1458976880
INFO: [ app_init ] --START--
INFO: Run Behavior\BuildLiteBehavior [ RunTime:0.000000s ]
INFO: [ app_init ] --END-- [ RunTime:0.001000s ]
ERR: 无法加载模块:Public

[ 2016-09-09T12:02:20+08:00 ] ::1 /Public/Admin/iconfont/iconfont/iconfont.woff?t=1458976880
INFO: [ app_init ] --START--
INFO: Run Behavior\BuildLiteBehavior [ RunTime:0.000000s ]
INFO: [ app_init ] --END-- [ RunTime:0.000000s ]
ERR: 无法加载模块:Public

[ 2016-09-09T12:02:25+08:00 ] ::1 /Public/Admin/iconfont/iconfont/iconfont.woff?t=1458976880
INFO: [ app_init ] --START--
INFO: Run Behavior\BuildLiteBehavior [ RunTime:0.000000s ]
INFO: [ app_init ] --END-- [ RunTime:0.000000s ]
ERR: 无法加载模块:Public

[ 2016-09-09T12:02:28+08:00 ] ::1 /Public/Admin/iconfont/iconfont/iconfont.woff?t=1458976880
INFO: [ app_init ] --START--
INFO: Run Behavior\BuildLiteBehavior [ RunTime:0.000000s ]
INFO: [ app_init ] --END-- [ RunTime:0.001000s ]
ERR: 无法加载模块:Public

[ 2016-09-09T12:02:31+08:00 ] ::1 /Public/Admin/iconfont/iconfont/iconfont.woff?t=1458976880
INFO: [ app_init ] --START--
INFO: Run Behavior\BuildLiteBehavior [ RunTime:0.000000s ]
INFO: [ app_init ] --END-- [ RunTime:0.000000s ]
ERR: 无法加载模块:Public

[ 2016-09-09T12:02:38+08:00 ] ::1 /%EF%BF%A52717.80%20_%20%E3%80%90%E7%81%AB%E5%B8%81%E3%80%91%E8%99%9A%E6%8B%9F%E8%B4%A7%E5%B8%81%E4%BA%A4%E6%98%93_%E6%AF%94%E7%89%B9%E5%B8%81%E4%BA%A4%E6%98%93%E5%B9%B3%E5%8F%B0_%E8%99%9A%E6%8B%9F%E5%B8%81%E8%8E%B1%E7%89%B9%E5%B8%81_%E6%AF%94%E7%89%B9%E5%B8%81%E5%AE%98%E7%BD%91_files/page_glb_var.js
INFO: [ app_init ] --START--
INFO: Run Behavior\BuildLiteBehavior [ RunTime:0.000000s ]
INFO: [ app_init ] --END-- [ RunTime:0.001000s ]
ERR: 无法加载模块:￥2717.80 _ 【火币】虚拟货币交易_比特币交易平台_虚拟币莱特币_比特币官网_files

[ 2016-09-09T12:02:38+08:00 ] ::1 /Uploads/Public/Uploads/2016-03-19/56ecc75e1312d.jpg
INFO: [ app_init ] --START--
INFO: Run Behavior\BuildLiteBehavior [ RunTime:0.000000s ]
INFO: [ app_init ] --END-- [ RunTime:0.001000s ]
ERR: 无法加载模块:Uploads

[ 2016-09-09T12:02:38+08:00 ] ::1 /%EF%BF%A52717.80%20_%20%E3%80%90%E7%81%AB%E5%B8%81%E3%80%91%E8%99%9A%E6%8B%9F%E8%B4%A7%E5%B8%81%E4%BA%A4%E6%98%93_%E6%AF%94%E7%89%B9%E5%B8%81%E4%BA%A4%E6%98%93%E5%B9%B3%E5%8F%B0_%E8%99%9A%E6%8B%9F%E5%B8%81%E8%8E%B1%E7%89%B9%E5%B8%81_%E6%AF%94%E7%89%B9%E5%B8%81%E5%AE%98%E7%BD%91_files/page_glb_var.js
INFO: [ app_init ] --START--
INFO: Run Behavior\BuildLiteBehavior [ RunTime:0.000000s ]
INFO: [ app_init ] --END-- [ RunTime:0.001000s ]
ERR: 无法加载模块:￥2717.80 _ 【火币】虚拟货币交易_比特币交易平台_虚拟币莱特币_比特币官网_files

[ 2016-09-09T12:02:38+08:00 ] ::1 /Public/Home/js/dist/page_index.js
INFO: [ app_init ] --START--
INFO: Run Behavior\BuildLiteBehavior [ RunTime:0.001000s ]
INFO: [ app_init ] --END-- [ RunTime:0.002000s ]
ERR: 无法加载模块:Public

[ 2016-09-09T12:02:39+08:00 ] ::1 /Uploads/Public/Uploads/2016-03-19/56ecc75e1312d.jpg
INFO: [ app_init ] --START--
INFO: Run Behavior\BuildLiteBehavior [ RunTime:0.000000s ]
INFO: [ app_init ] --END-- [ RunTime:0.001000s ]
ERR: 无法加载模块:Uploads

[ 2016-09-09T12:03:07+08:00 ] ::1 /Public/Admin/iconfont/iconfont/iconfont.woff?t=1458976880
INFO: [ app_init ] --START--
INFO: Run Behavior\BuildLiteBehavior [ RunTime:0.000000s ]
INFO: [ app_init ] --END-- [ RunTime:0.000000s ]
ERR: 无法加载模块:Public

[ 2016-09-09T12:03:15+08:00 ] ::1 /Public/Admin/iconfont/iconfont/iconfont.woff?t=1458976880
INFO: [ app_init ] --START--
INFO: Run Behavior\BuildLiteBehavior [ RunTime:0.000000s ]
INFO: [ app_init ] --END-- [ RunTime:0.001000s ]
ERR: 无法加载模块:Public

[ 2016-09-09T12:03:34+08:00 ] ::1 /Uploads/Public/Uploads/2016-03-19/56ecc75e1312d.jpg
INFO: [ app_init ] --START--
INFO: Run Behavior\BuildLiteBehavior [ RunTime:0.000000s ]
INFO: [ app_init ] --END-- [ RunTime:0.000000s ]
ERR: 无法加载模块:Uploads

[ 2016-09-09T12:03:34+08:00 ] ::1 /Uploads/Public/Uploads/2016-03-19/56ecc75e1312d.jpg
INFO: [ app_init ] --START--
INFO: Run Behavior\BuildLiteBehavior [ RunTime:0.000000s ]
INFO: [ app_init ] --END-- [ RunTime:0.000000s ]
ERR: 无法加载模块:Uploads

[ 2016-09-09T12:03:34+08:00 ] ::1 /images/jubi/zhuce.png
INFO: [ app_init ] --START--
INFO: Run Behavior\BuildLiteBehavior [ RunTime:0.000000s ]
INFO: [ app_init ] --END-- [ RunTime:0.000000s ]
ERR: 无法加载模块:Images

[ 2016-09-09T12:03:49+08:00 ] ::1 /Public/Admin/iconfont/iconfont/iconfont.woff?t=1458976880
INFO: [ app_init ] --START--
INFO: Run Behavior\BuildLiteBehavior [ RunTime:0.000000s ]
INFO: [ app_init ] --END-- [ RunTime:0.001000s ]
ERR: 无法加载模块:Public

[ 2016-09-09T12:03:58+08:00 ] ::1 /Public/Admin/iconfont/iconfont/iconfont.woff?t=1458976880
INFO: [ app_init ] --START--
INFO: Run Behavior\BuildLiteBehavior [ RunTime:0.000000s ]
INFO: [ app_init ] --END-- [ RunTime:0.000000s ]
ERR: 无法加载模块:Public

[ 2016-09-09T12:04:40+08:00 ] ::1 /Uploads/Public/Uploads/2016-03-19/56ecc75e1312d.jpg
INFO: [ app_init ] --START--
INFO: Run Behavior\BuildLiteBehavior [ RunTime:0.001000s ]
INFO: [ app_init ] --END-- [ RunTime:0.001000s ]
ERR: 无法加载模块:Uploads

[ 2016-09-09T12:05:03+08:00 ] ::1 /Uploads/Public/Uploads/2016-03-19/56ecc75e1312d.jpg
INFO: [ app_init ] --START--
INFO: Run Behavior\BuildLiteBehavior [ RunTime:0.000000s ]
INFO: [ app_init ] --END-- [ RunTime:0.001000s ]
ERR: 无法加载模块:Uploads

[ 2016-09-09T12:05:04+08:00 ] ::1 /Public/Home/js/dist/page_index.js
INFO: [ app_init ] --START--
INFO: Run Behavior\BuildLiteBehavior [ RunTime:0.000000s ]
INFO: [ app_init ] --END-- [ RunTime:0.000000s ]
ERR: 无法加载模块:Public

[ 2016-09-09T12:05:04+08:00 ] ::1 /Uploads/Public/Uploads/2016-03-19/56ecc75e1312d.jpg
INFO: [ app_init ] --START--
INFO: Run Behavior\BuildLiteBehavior [ RunTime:0.000000s ]
INFO: [ app_init ] --END-- [ RunTime:0.001000s ]
ERR: 无法加载模块:Uploads

[ 2016-09-09T12:05:29+08:00 ] ::1 /Public/Admin/iconfont/iconfont/iconfont.woff?t=1458976880
INFO: [ app_init ] --START--
INFO: Run Behavior\BuildLiteBehavior [ RunTime:0.000000s ]
INFO: [ app_init ] --END-- [ RunTime:0.000000s ]
ERR: 无法加载模块:Public

[ 2016-09-09T12:05:33+08:00 ] ::1 /Public/Admin/iconfont/iconfont/iconfont.woff?t=1458976880
INFO: [ app_init ] --START--
INFO: Run Behavior\BuildLiteBehavior [ RunTime:0.000000s ]
INFO: [ app_init ] --END-- [ RunTime:0.000000s ]
ERR: 无法加载模块:Public

