[ 2016-10-17T18:12:51+08:00 ] 188.162.228.29 /file/upload/201511/24/165516751.jpg
INFO: [ app_init ] --START--
INFO: Run Behavior\BuildLiteBehavior [ RunTime:0.000000s ]
INFO: [ app_init ] --END-- [ RunTime:0.000000s ]
ERR: 无法加载模块:File

[ 2016-10-17T18:12:56+08:00 ] 188.162.228.29 /file/upload/201511/24/165217251.jpg
INFO: [ app_init ] --START--
INFO: Run Behavior\BuildLiteBehavior [ RunTime:0.000000s ]
INFO: [ app_init ] --END-- [ RunTime:0.000000s ]
ERR: 无法加载模块:File

[ 2016-10-17T18:12:57+08:00 ] 122.188.196.138 /Public/Admin/iconfont/iconfont/iconfont.woff?t=1458976880
INFO: [ app_init ] --START--
INFO: Run Behavior\BuildLiteBehavior [ RunTime:0.000000s ]
INFO: [ app_init ] --END-- [ RunTime:0.000000s ]
ERR: 无法加载模块:Public

[ 2016-10-17T18:13:01+08:00 ] 188.162.228.29 /file/upload/201511/24/165312841.jpg
INFO: [ app_init ] --START--
INFO: Run Behavior\BuildLiteBehavior [ RunTime:0.001000s ]
INFO: [ app_init ] --END-- [ RunTime:0.001000s ]
ERR: 无法加载模块:File

[ 2016-10-17T18:13:06+08:00 ] 188.162.228.29 /file/upload/201511/24/165516751.jpg
INFO: [ app_init ] --START--
INFO: Run Behavior\BuildLiteBehavior [ RunTime:0.000000s ]
INFO: [ app_init ] --END-- [ RunTime:0.000000s ]
ERR: 无法加载模块:File

[ 2016-10-17T18:13:08+08:00 ] 122.188.196.138 /Public/Admin/iconfont/iconfont/iconfont.woff?t=1458976880
INFO: [ app_init ] --START--
INFO: Run Behavior\BuildLiteBehavior [ RunTime:0.000000s ]
INFO: [ app_init ] --END-- [ RunTime:0.000000s ]
ERR: 无法加载模块:Public

[ 2016-10-17T18:13:11+08:00 ] 188.162.228.29 /file/upload/201511/24/165217251.jpg
INFO: [ app_init ] --START--
INFO: Run Behavior\BuildLiteBehavior [ RunTime:0.000000s ]
INFO: [ app_init ] --END-- [ RunTime:0.000000s ]
ERR: 无法加载模块:File

[ 2016-10-17T18:13:16+08:00 ] 188.162.228.29 /file/upload/201511/24/165312841.jpg
INFO: [ app_init ] --START--
INFO: Run Behavior\BuildLiteBehavior [ RunTime:0.000000s ]
INFO: [ app_init ] --END-- [ RunTime:0.000000s ]
ERR: 无法加载模块:File

[ 2016-10-17T18:13:21+08:00 ] 188.162.228.29 /file/upload/201511/24/165516751.jpg
INFO: [ app_init ] --START--
INFO: Run Behavior\BuildLiteBehavior [ RunTime:0.000000s ]
INFO: [ app_init ] --END-- [ RunTime:0.000000s ]
ERR: 无法加载模块:File

[ 2016-10-17T18:13:26+08:00 ] 188.162.228.29 /file/upload/201511/24/165217251.jpg
INFO: [ app_init ] --START--
INFO: Run Behavior\BuildLiteBehavior [ RunTime:0.000000s ]
INFO: [ app_init ] --END-- [ RunTime:0.000000s ]
ERR: 无法加载模块:File

[ 2016-10-17T18:13:28+08:00 ] 66.249.64.30 /show/28/34117/0.html
INFO: [ app_init ] --START--
INFO: Run Behavior\BuildLiteBehavior [ RunTime:0.000000s ]
INFO: [ app_init ] --END-- [ RunTime:0.001000s ]
ERR: 无法加载模块:Show

[ 2016-10-17T18:13:31+08:00 ] 188.162.228.29 /file/upload/201511/24/165312841.jpg
INFO: [ app_init ] --START--
INFO: Run Behavior\BuildLiteBehavior [ RunTime:0.000000s ]
INFO: [ app_init ] --END-- [ RunTime:0.000000s ]
ERR: 无法加载模块:File

[ 2016-10-17T18:13:36+08:00 ] 188.162.228.29 /file/upload/201511/24/165516751.jpg
INFO: [ app_init ] --START--
INFO: Run Behavior\BuildLiteBehavior [ RunTime:0.000000s ]
INFO: [ app_init ] --END-- [ RunTime:0.000000s ]
ERR: 无法加载模块:File

[ 2016-10-17T18:13:41+08:00 ] 188.162.228.29 /file/upload/201511/24/165217251.jpg
INFO: [ app_init ] --START--
INFO: Run Behavior\BuildLiteBehavior [ RunTime:0.000000s ]
INFO: [ app_init ] --END-- [ RunTime:0.000000s ]
ERR: 无法加载模块:File

[ 2016-10-17T18:13:45+08:00 ] 122.188.196.138 /Public/Admin/iconfont/iconfont/iconfont.woff?t=1458976880
INFO: [ app_init ] --START--
INFO: Run Behavior\BuildLiteBehavior [ RunTime:0.000000s ]
INFO: [ app_init ] --END-- [ RunTime:0.000000s ]
ERR: 无法加载模块:Public

[ 2016-10-17T18:13:47+08:00 ] 188.162.228.29 /file/upload/201511/24/165312841.jpg
INFO: [ app_init ] --START--
INFO: Run Behavior\BuildLiteBehavior [ RunTime:0.000000s ]
INFO: [ app_init ] --END-- [ RunTime:0.000000s ]
ERR: 无法加载模块:File

[ 2016-10-17T18:13:52+08:00 ] 122.188.196.138 /Public/Admin/iconfont/iconfont/iconfont.woff?t=1458976880
INFO: [ app_init ] --START--
INFO: Run Behavior\BuildLiteBehavior [ RunTime:0.000000s ]
INFO: [ app_init ] --END-- [ RunTime:0.000000s ]
ERR: 无法加载模块:Public

[ 2016-10-17T18:13:52+08:00 ] 188.162.228.29 /file/upload/201511/24/165516751.jpg
INFO: [ app_init ] --START--
INFO: Run Behavior\BuildLiteBehavior [ RunTime:0.000000s ]
INFO: [ app_init ] --END-- [ RunTime:0.004001s ]
ERR: 无法加载模块:File

[ 2016-10-17T18:13:56+08:00 ] 188.162.228.29 /file/upload/201511/24/165217251.jpg
INFO: [ app_init ] --START--
INFO: Run Behavior\BuildLiteBehavior [ RunTime:0.000000s ]
INFO: [ app_init ] --END-- [ RunTime:0.000000s ]
ERR: 无法加载模块:File

[ 2016-10-17T18:14:01+08:00 ] 188.162.228.29 /file/upload/201511/24/165312841.jpg
INFO: [ app_init ] --START--
INFO: Run Behavior\BuildLiteBehavior [ RunTime:0.000000s ]
INFO: [ app_init ] --END-- [ RunTime:0.000000s ]
ERR: 无法加载模块:File

[ 2016-10-17T18:14:06+08:00 ] 188.162.228.29 /file/upload/201511/24/165516751.jpg
INFO: [ app_init ] --START--
INFO: Run Behavior\BuildLiteBehavior [ RunTime:0.000000s ]
INFO: [ app_init ] --END-- [ RunTime:0.000000s ]
ERR: 无法加载模块:File

[ 2016-10-17T18:14:08+08:00 ] 122.188.196.138 /Public/Admin/iconfont/iconfont/iconfont.woff?t=1458976880
INFO: [ app_init ] --START--
INFO: Run Behavior\BuildLiteBehavior [ RunTime:0.000000s ]
INFO: [ app_init ] --END-- [ RunTime:0.000000s ]
ERR: 无法加载模块:Public

[ 2016-10-17T18:14:11+08:00 ] 188.162.228.29 /file/upload/201511/24/165217251.jpg
INFO: [ app_init ] --START--
INFO: Run Behavior\BuildLiteBehavior [ RunTime:0.000000s ]
INFO: [ app_init ] --END-- [ RunTime:0.000000s ]
ERR: 无法加载模块:File

[ 2016-10-17T18:14:14+08:00 ] 122.188.196.138 /Public/Admin/iconfont/iconfont/iconfont.woff?t=1458976880
INFO: [ app_init ] --START--
INFO: Run Behavior\BuildLiteBehavior [ RunTime:0.001000s ]
INFO: [ app_init ] --END-- [ RunTime:0.001000s ]
ERR: 无法加载模块:Public

[ 2016-10-17T18:14:16+08:00 ] 188.162.228.29 /file/upload/201511/24/165312841.jpg
INFO: [ app_init ] --START--
INFO: Run Behavior\BuildLiteBehavior [ RunTime:0.000000s ]
INFO: [ app_init ] --END-- [ RunTime:0.000000s ]
ERR: 无法加载模块:File

[ 2016-10-17T18:14:17+08:00 ] 66.249.64.30 /sell/show-47.html
INFO: [ app_init ] --START--
INFO: Run Behavior\BuildLiteBehavior [ RunTime:0.000000s ]
INFO: [ app_init ] --END-- [ RunTime:0.000000s ]
ERR: 无法加载模块:Sell

[ 2016-10-17T18:14:21+08:00 ] 188.162.228.29 /file/upload/201511/24/165516751.jpg
INFO: [ app_init ] --START--
INFO: Run Behavior\BuildLiteBehavior [ RunTime:0.000000s ]
INFO: [ app_init ] --END-- [ RunTime:0.000000s ]
ERR: 无法加载模块:File

[ 2016-10-17T18:14:24+08:00 ] 122.188.196.138 /favicon.ico
INFO: [ app_init ] --START--
INFO: Run Behavior\BuildLiteBehavior [ RunTime:0.000000s ]
INFO: [ app_init ] --END-- [ RunTime:0.000000s ]
ERR: 无法加载模块:Favicon

[ 2016-10-17T18:14:25+08:00 ] 122.188.196.138 /%EF%BF%A52717.80%20_%20%E3%80%90%E7%81%AB%E5%B8%81%E3%80%91%E8%99%9A%E6%8B%9F%E8%B4%A7%E5%B8%81%E4%BA%A4%E6%98%93_%E6%AF%94%E7%89%B9%E5%B8%81%E4%BA%A4%E6%98%93%E5%B9%B3%E5%8F%B0_%E8%99%9A%E6%8B%9F%E5%B8%81%E8%8E%B1%E7%89%B9%E5%B8%81_%E6%AF%94%E7%89%B9%E5%B8%81%E5%AE%98%E7%BD%91_files/page_glb_var.js
INFO: [ app_init ] --START--
INFO: Run Behavior\BuildLiteBehavior [ RunTime:0.000000s ]
INFO: [ app_init ] --END-- [ RunTime:0.000000s ]
ERR: 无法加载模块:￥2717.80 _ 【火币】虚拟货币交易_比特币交易平台_虚拟币莱特币_比特币官网_files

[ 2016-10-17T18:14:26+08:00 ] 122.188.196.138 /Uploads/Public/Uploads/2016-03-19/56ecc75e1312d.jpg
INFO: [ app_init ] --START--
INFO: Run Behavior\BuildLiteBehavior [ RunTime:0.000000s ]
INFO: [ app_init ] --END-- [ RunTime:0.000000s ]
ERR: 无法加载模块:Uploads

[ 2016-10-17T18:14:26+08:00 ] 188.162.228.29 /file/upload/201511/24/165217251.jpg
INFO: [ app_init ] --START--
INFO: Run Behavior\BuildLiteBehavior [ RunTime:0.000000s ]
INFO: [ app_init ] --END-- [ RunTime:0.000000s ]
ERR: 无法加载模块:File

[ 2016-10-17T18:14:27+08:00 ] 122.188.196.138 /Public/Home/js/dist/page_index.js
INFO: [ app_init ] --START--
INFO: Run Behavior\BuildLiteBehavior [ RunTime:0.000000s ]
INFO: [ app_init ] --END-- [ RunTime:0.000000s ]
ERR: 无法加载模块:Public

[ 2016-10-17T18:14:30+08:00 ] 122.188.196.138 /favicon.ico
INFO: [ app_init ] --START--
INFO: Run Behavior\BuildLiteBehavior [ RunTime:0.000000s ]
INFO: [ app_init ] --END-- [ RunTime:0.001000s ]
ERR: 无法加载模块:Favicon

[ 2016-10-17T18:14:31+08:00 ] 188.162.228.29 /file/upload/201511/24/165312841.jpg
INFO: [ app_init ] --START--
INFO: Run Behavior\BuildLiteBehavior [ RunTime:0.000000s ]
INFO: [ app_init ] --END-- [ RunTime:0.000000s ]
ERR: 无法加载模块:File

[ 2016-10-17T18:14:33+08:00 ] 122.188.196.138 /%EF%BF%A52717.80%20_%20%E3%80%90%E7%81%AB%E5%B8%81%E3%80%91%E8%99%9A%E6%8B%9F%E8%B4%A7%E5%B8%81%E4%BA%A4%E6%98%93_%E6%AF%94%E7%89%B9%E5%B8%81%E4%BA%A4%E6%98%93%E5%B9%B3%E5%8F%B0_%E8%99%9A%E6%8B%9F%E5%B8%81%E8%8E%B1%E7%89%B9%E5%B8%81_%E6%AF%94%E7%89%B9%E5%B8%81%E5%AE%98%E7%BD%91_files/page_glb_var.js
INFO: [ app_init ] --START--
INFO: Run Behavior\BuildLiteBehavior [ RunTime:0.000000s ]
INFO: [ app_init ] --END-- [ RunTime:0.000000s ]
ERR: 无法加载模块:￥2717.80 _ 【火币】虚拟货币交易_比特币交易平台_虚拟币莱特币_比特币官网_files

[ 2016-10-17T18:14:33+08:00 ] 122.188.196.138 /Uploads/Public/Uploads/2016-03-19/56ecc75e1312d.jpg
INFO: [ app_init ] --START--
INFO: Run Behavior\BuildLiteBehavior [ RunTime:0.000000s ]
INFO: [ app_init ] --END-- [ RunTime:0.000000s ]
ERR: 无法加载模块:Uploads

[ 2016-10-17T18:14:33+08:00 ] 122.188.196.138 /Public/Home/js/dist/page_index.js
INFO: [ app_init ] --START--
INFO: Run Behavior\BuildLiteBehavior [ RunTime:0.000000s ]
INFO: [ app_init ] --END-- [ RunTime:0.000000s ]
ERR: 无法加载模块:Public

[ 2016-10-17T18:14:36+08:00 ] 188.162.228.29 /file/upload/201511/24/165516751.jpg
INFO: [ app_init ] --START--
INFO: Run Behavior\BuildLiteBehavior [ RunTime:0.000000s ]
INFO: [ app_init ] --END-- [ RunTime:0.000000s ]
ERR: 无法加载模块:File

[ 2016-10-17T18:14:41+08:00 ] 188.162.228.29 /file/upload/201511/24/165217251.jpg
INFO: [ app_init ] --START--
INFO: Run Behavior\BuildLiteBehavior [ RunTime:0.000000s ]
INFO: [ app_init ] --END-- [ RunTime:0.000000s ]
ERR: 无法加载模块:File

[ 2016-10-17T18:14:46+08:00 ] 188.162.228.29 /file/upload/201511/24/165312841.jpg
INFO: [ app_init ] --START--
INFO: Run Behavior\BuildLiteBehavior [ RunTime:0.000000s ]
INFO: [ app_init ] --END-- [ RunTime:0.000000s ]
ERR: 无法加载模块:File

[ 2016-10-17T18:14:49+08:00 ] 122.188.196.138 /Uploads/Public/Uploads/2016-03-19/56ecc75e1312d.jpg
INFO: [ app_init ] --START--
INFO: Run Behavior\BuildLiteBehavior [ RunTime:0.000000s ]
INFO: [ app_init ] --END-- [ RunTime:0.000000s ]
ERR: 无法加载模块:Uploads

[ 2016-10-17T18:14:51+08:00 ] 188.162.228.29 /file/upload/201511/24/165516751.jpg
INFO: [ app_init ] --START--
INFO: Run Behavior\BuildLiteBehavior [ RunTime:0.000000s ]
INFO: [ app_init ] --END-- [ RunTime:0.000000s ]
ERR: 无法加载模块:File

[ 2016-10-17T18:14:56+08:00 ] 188.162.228.29 /file/upload/201511/24/165217251.jpg
INFO: [ app_init ] --START--
INFO: Run Behavior\BuildLiteBehavior [ RunTime:0.000000s ]
INFO: [ app_init ] --END-- [ RunTime:0.000000s ]
ERR: 无法加载模块:File

[ 2016-10-17T18:14:57+08:00 ] 122.188.196.138 /Uploads/Public/Uploads/2016-03-19/56ecc75e1312d.jpg
INFO: [ app_init ] --START--
INFO: Run Behavior\BuildLiteBehavior [ RunTime:0.000000s ]
INFO: [ app_init ] --END-- [ RunTime:0.000000s ]
ERR: 无法加载模块:Uploads

[ 2016-10-17T18:14:57+08:00 ] 122.188.196.138 /Uploads/Public/Uploads/2016-03-19/56ecc75e1312d.jpg
INFO: [ app_init ] --START--
INFO: Run Behavior\BuildLiteBehavior [ RunTime:0.000000s ]
INFO: [ app_init ] --END-- [ RunTime:0.000000s ]
ERR: 无法加载模块:Uploads

[ 2016-10-17T18:14:59+08:00 ] 122.188.196.138 /Uploads/Public/Uploads/2016-03-19/56ecc75e1312d.jpg
INFO: [ app_init ] --START--
INFO: Run Behavior\BuildLiteBehavior [ RunTime:0.000000s ]
INFO: [ app_init ] --END-- [ RunTime:0.000000s ]
ERR: 无法加载模块:Uploads

[ 2016-10-17T18:14:59+08:00 ] 122.188.196.138 /images/jubi/zhuce.png
INFO: [ app_init ] --START--
INFO: Run Behavior\BuildLiteBehavior [ RunTime:0.000000s ]
INFO: [ app_init ] --END-- [ RunTime:0.000000s ]
ERR: 无法加载模块:Images

[ 2016-10-17T18:15:01+08:00 ] 188.162.228.29 /file/upload/201511/24/165312841.jpg
INFO: [ app_init ] --START--
INFO: Run Behavior\BuildLiteBehavior [ RunTime:0.000000s ]
INFO: [ app_init ] --END-- [ RunTime:0.000000s ]
ERR: 无法加载模块:File

[ 2016-10-17T18:15:02+08:00 ] 122.188.196.138 /Uploads/Public/Uploads/2016-03-19/56ecc75e1312d.jpg
INFO: [ app_init ] --START--
INFO: Run Behavior\BuildLiteBehavior [ RunTime:0.000000s ]
INFO: [ app_init ] --END-- [ RunTime:0.000000s ]
ERR: 无法加载模块:Uploads

[ 2016-10-17T18:15:02+08:00 ] 122.188.196.138 /Uploads/Public/Uploads/2016-03-19/56ecc75e1312d.jpg
INFO: [ app_init ] --START--
INFO: Run Behavior\BuildLiteBehavior [ RunTime:0.000000s ]
INFO: [ app_init ] --END-- [ RunTime:0.000000s ]
ERR: 无法加载模块:Uploads

[ 2016-10-17T18:15:02+08:00 ] 122.188.196.138 /images/jubi/now.png
INFO: [ app_init ] --START--
INFO: Run Behavior\BuildLiteBehavior [ RunTime:0.000000s ]
INFO: [ app_init ] --END-- [ RunTime:0.000000s ]
ERR: 无法加载模块:Images

[ 2016-10-17T18:15:06+08:00 ] 188.162.228.29 /file/upload/201511/24/165516751.jpg
INFO: [ app_init ] --START--
INFO: Run Behavior\BuildLiteBehavior [ RunTime:0.000000s ]
INFO: [ app_init ] --END-- [ RunTime:0.000000s ]
ERR: 无法加载模块:File

[ 2016-10-17T18:15:11+08:00 ] 122.188.196.138 /Public/Admin/iconfont/iconfont/iconfont.woff?t=1458976880
INFO: [ app_init ] --START--
INFO: Run Behavior\BuildLiteBehavior [ RunTime:0.000000s ]
INFO: [ app_init ] --END-- [ RunTime:0.000000s ]
ERR: 无法加载模块:Public

[ 2016-10-17T18:15:11+08:00 ] 188.162.228.29 /file/upload/201511/24/165217251.jpg
INFO: [ app_init ] --START--
INFO: Run Behavior\BuildLiteBehavior [ RunTime:0.000000s ]
INFO: [ app_init ] --END-- [ RunTime:0.000000s ]
ERR: 无法加载模块:File

[ 2016-10-17T18:15:16+08:00 ] 122.188.196.138 /Public/Admin/iconfont/iconfont/iconfont.woff?t=1458976880
INFO: [ app_init ] --START--
INFO: Run Behavior\BuildLiteBehavior [ RunTime:0.000000s ]
INFO: [ app_init ] --END-- [ RunTime:0.000000s ]
ERR: 无法加载模块:Public

[ 2016-10-17T18:15:16+08:00 ] 188.162.228.29 /file/upload/201511/24/165312841.jpg
INFO: [ app_init ] --START--
INFO: Run Behavior\BuildLiteBehavior [ RunTime:0.000000s ]
INFO: [ app_init ] --END-- [ RunTime:0.000000s ]
ERR: 无法加载模块:File

[ 2016-10-17T18:15:21+08:00 ] 188.162.228.29 /file/upload/201511/24/165516751.jpg
INFO: [ app_init ] --START--
INFO: Run Behavior\BuildLiteBehavior [ RunTime:0.000000s ]
INFO: [ app_init ] --END-- [ RunTime:0.000000s ]
ERR: 无法加载模块:File

[ 2016-10-17T18:15:25+08:00 ] 122.188.196.138 /Uploads/Public/Uploads/2016-03-19/56ecc75e1312d.jpg
INFO: [ app_init ] --START--
INFO: Run Behavior\BuildLiteBehavior [ RunTime:0.000000s ]
INFO: [ app_init ] --END-- [ RunTime:0.000000s ]
ERR: 无法加载模块:Uploads

[ 2016-10-17T18:15:26+08:00 ] 188.162.228.29 /file/upload/201511/24/165217251.jpg
INFO: [ app_init ] --START--
INFO: Run Behavior\BuildLiteBehavior [ RunTime:0.000000s ]
INFO: [ app_init ] --END-- [ RunTime:0.000000s ]
ERR: 无法加载模块:File

[ 2016-10-17T18:15:31+08:00 ] 188.162.228.29 /file/upload/201511/24/165312841.jpg
INFO: [ app_init ] --START--
INFO: Run Behavior\BuildLiteBehavior [ RunTime:0.000000s ]
INFO: [ app_init ] --END-- [ RunTime:0.000000s ]
ERR: 无法加载模块:File

[ 2016-10-17T18:15:36+08:00 ] 188.162.228.29 /file/upload/201511/24/165516751.jpg
INFO: [ app_init ] --START--
INFO: Run Behavior\BuildLiteBehavior [ RunTime:0.000000s ]
INFO: [ app_init ] --END-- [ RunTime:0.000000s ]
ERR: 无法加载模块:File

[ 2016-10-17T18:15:41+08:00 ] 188.162.228.29 /file/upload/201511/24/165217251.jpg
INFO: [ app_init ] --START--
INFO: Run Behavior\BuildLiteBehavior [ RunTime:0.000000s ]
INFO: [ app_init ] --END-- [ RunTime:0.000000s ]
ERR: 无法加载模块:File

[ 2016-10-17T18:15:46+08:00 ] 188.162.228.29 /file/upload/201511/24/165312841.jpg
INFO: [ app_init ] --START--
INFO: Run Behavior\BuildLiteBehavior [ RunTime:0.000000s ]
INFO: [ app_init ] --END-- [ RunTime:0.000000s ]
ERR: 无法加载模块:File

[ 2016-10-17T18:15:49+08:00 ] 122.188.196.138 /Uploads/Public/Uploads/2016-03-19/56ecc75e1312d.jpg
INFO: [ app_init ] --START--
INFO: Run Behavior\BuildLiteBehavior [ RunTime:0.000000s ]
INFO: [ app_init ] --END-- [ RunTime:0.000000s ]
ERR: 无法加载模块:Uploads

[ 2016-10-17T18:15:51+08:00 ] 188.162.228.29 /file/upload/201511/24/165516751.jpg
INFO: [ app_init ] --START--
INFO: Run Behavior\BuildLiteBehavior [ RunTime:0.000000s ]
INFO: [ app_init ] --END-- [ RunTime:0.000000s ]
ERR: 无法加载模块:File

[ 2016-10-17T18:15:54+08:00 ] 122.188.196.138 /Uploads/Public/Uploads/2016-03-19/56ecc75e1312d.jpg
INFO: [ app_init ] --START--
INFO: Run Behavior\BuildLiteBehavior [ RunTime:0.000000s ]
INFO: [ app_init ] --END-- [ RunTime:0.000000s ]
ERR: 无法加载模块:Uploads

[ 2016-10-17T18:15:56+08:00 ] 188.162.228.29 /file/upload/201511/24/165217251.jpg
INFO: [ app_init ] --START--
INFO: Run Behavior\BuildLiteBehavior [ RunTime:0.000000s ]
INFO: [ app_init ] --END-- [ RunTime:0.000000s ]
ERR: 无法加载模块:File

[ 2016-10-17T18:15:57+08:00 ] 180.153.214.178 /Public/Admin/iconfont/iconfont/iconfont.woff?t=1458976880
INFO: [ app_init ] --START--
INFO: Run Behavior\BuildLiteBehavior [ RunTime:0.000000s ]
INFO: [ app_init ] --END-- [ RunTime:0.000000s ]
ERR: 无法加载模块:Public

[ 2016-10-17T18:16:01+08:00 ] 188.162.228.29 /file/upload/201511/24/165312841.jpg
INFO: [ app_init ] --START--
INFO: Run Behavior\BuildLiteBehavior [ RunTime:0.000000s ]
INFO: [ app_init ] --END-- [ RunTime:0.000000s ]
ERR: 无法加载模块:File

[ 2016-10-17T18:16:06+08:00 ] 188.162.228.29 /file/upload/201511/24/165516751.jpg
INFO: [ app_init ] --START--
INFO: Run Behavior\BuildLiteBehavior [ RunTime:0.000000s ]
INFO: [ app_init ] --END-- [ RunTime:0.000000s ]
ERR: 无法加载模块:File

[ 2016-10-17T18:16:11+08:00 ] 188.162.228.29 /file/upload/201511/24/165217251.jpg
INFO: [ app_init ] --START--
INFO: Run Behavior\BuildLiteBehavior [ RunTime:0.000000s ]
INFO: [ app_init ] --END-- [ RunTime:0.000000s ]
ERR: 无法加载模块:File

[ 2016-10-17T18:16:16+08:00 ] 188.162.228.29 /file/upload/201511/24/165312841.jpg
INFO: [ app_init ] --START--
INFO: Run Behavior\BuildLiteBehavior [ RunTime:0.000000s ]
INFO: [ app_init ] --END-- [ RunTime:0.000000s ]
ERR: 无法加载模块:File

[ 2016-10-17T18:16:21+08:00 ] 188.162.228.29 /file/upload/201511/24/165516751.jpg
INFO: [ app_init ] --START--
INFO: Run Behavior\BuildLiteBehavior [ RunTime:0.000000s ]
INFO: [ app_init ] --END-- [ RunTime:0.000000s ]
ERR: 无法加载模块:File

[ 2016-10-17T18:16:26+08:00 ] 188.162.228.29 /file/upload/201511/24/165217251.jpg
INFO: [ app_init ] --START--
INFO: Run Behavior\BuildLiteBehavior [ RunTime:0.000000s ]
INFO: [ app_init ] --END-- [ RunTime:0.000000s ]
ERR: 无法加载模块:File

[ 2016-10-17T18:16:29+08:00 ] 122.188.196.138 /favicon.ico
INFO: [ app_init ] --START--
INFO: Run Behavior\BuildLiteBehavior [ RunTime:0.000000s ]
INFO: [ app_init ] --END-- [ RunTime:0.001000s ]
ERR: 无法加载模块:Favicon

[ 2016-10-17T18:16:30+08:00 ] 122.188.196.138 /favicon.ico
INFO: [ app_init ] --START--
INFO: Run Behavior\BuildLiteBehavior [ RunTime:0.000000s ]
INFO: [ app_init ] --END-- [ RunTime:0.000000s ]
ERR: 无法加载模块:Favicon

[ 2016-10-17T18:16:31+08:00 ] 188.162.228.29 /file/upload/201511/24/165312841.jpg
INFO: [ app_init ] --START--
INFO: Run Behavior\BuildLiteBehavior [ RunTime:0.000000s ]
INFO: [ app_init ] --END-- [ RunTime:0.000000s ]
ERR: 无法加载模块:File

[ 2016-10-17T18:16:36+08:00 ] 122.188.196.138 /favicon.ico
INFO: [ app_init ] --START--
INFO: Run Behavior\BuildLiteBehavior [ RunTime:0.000000s ]
INFO: [ app_init ] --END-- [ RunTime:0.000000s ]
ERR: 无法加载模块:Favicon

[ 2016-10-17T18:16:36+08:00 ] 188.162.228.29 /file/upload/201511/24/165516751.jpg
INFO: [ app_init ] --START--
INFO: Run Behavior\BuildLiteBehavior [ RunTime:0.000000s ]
INFO: [ app_init ] --END-- [ RunTime:0.000000s ]
ERR: 无法加载模块:File

[ 2016-10-17T18:16:41+08:00 ] 188.162.228.29 /file/upload/201511/24/165217251.jpg
INFO: [ app_init ] --START--
INFO: Run Behavior\BuildLiteBehavior [ RunTime:0.000000s ]
INFO: [ app_init ] --END-- [ RunTime:0.000000s ]
ERR: 无法加载模块:File

[ 2016-10-17T18:16:46+08:00 ] 188.162.228.29 /file/upload/201511/24/165312841.jpg
INFO: [ app_init ] --START--
INFO: Run Behavior\BuildLiteBehavior [ RunTime:0.000000s ]
INFO: [ app_init ] --END-- [ RunTime:0.000000s ]
ERR: 无法加载模块:File

[ 2016-10-17T18:16:51+08:00 ] 188.162.228.29 /file/upload/201511/24/165516751.jpg
INFO: [ app_init ] --START--
INFO: Run Behavior\BuildLiteBehavior [ RunTime:0.000000s ]
INFO: [ app_init ] --END-- [ RunTime:0.000000s ]
ERR: 无法加载模块:File

[ 2016-10-17T18:16:53+08:00 ] 122.188.196.138 /Public/Admin/iconfont/iconfont/iconfont.woff?t=1458976880
INFO: [ app_init ] --START--
INFO: Run Behavior\BuildLiteBehavior [ RunTime:0.000000s ]
INFO: [ app_init ] --END-- [ RunTime:0.001000s ]
ERR: 无法加载模块:Public

[ 2016-10-17T18:16:56+08:00 ] 188.162.228.29 /file/upload/201511/24/165217251.jpg
INFO: [ app_init ] --START--
INFO: Run Behavior\BuildLiteBehavior [ RunTime:0.000000s ]
INFO: [ app_init ] --END-- [ RunTime:0.000000s ]
ERR: 无法加载模块:File

[ 2016-10-17T18:17:01+08:00 ] 188.162.228.29 /file/upload/201511/24/165312841.jpg
INFO: [ app_init ] --START--
INFO: Run Behavior\BuildLiteBehavior [ RunTime:0.000000s ]
INFO: [ app_init ] --END-- [ RunTime:0.001000s ]
ERR: 无法加载模块:File

[ 2016-10-17T18:17:06+08:00 ] 188.162.228.29 /file/upload/201511/24/165516751.jpg
INFO: [ app_init ] --START--
INFO: Run Behavior\BuildLiteBehavior [ RunTime:0.000000s ]
INFO: [ app_init ] --END-- [ RunTime:0.000000s ]
ERR: 无法加载模块:File

[ 2016-10-17T18:17:11+08:00 ] 188.162.228.29 /file/upload/201511/24/165217251.jpg
INFO: [ app_init ] --START--
INFO: Run Behavior\BuildLiteBehavior [ RunTime:0.000000s ]
INFO: [ app_init ] --END-- [ RunTime:0.000000s ]
ERR: 无法加载模块:File

[ 2016-10-17T18:17:16+08:00 ] 188.162.228.29 /file/upload/201511/24/165312841.jpg
INFO: [ app_init ] --START--
INFO: Run Behavior\BuildLiteBehavior [ RunTime:0.000000s ]
INFO: [ app_init ] --END-- [ RunTime:0.001000s ]
ERR: 无法加载模块:File

[ 2016-10-17T18:17:21+08:00 ] 188.162.228.29 /file/upload/201511/24/165516751.jpg
INFO: [ app_init ] --START--
INFO: Run Behavior\BuildLiteBehavior [ RunTime:0.000000s ]
INFO: [ app_init ] --END-- [ RunTime:0.000000s ]
ERR: 无法加载模块:File

[ 2016-10-17T18:17:26+08:00 ] 188.162.228.29 /file/upload/201511/24/165217251.jpg
INFO: [ app_init ] --START--
INFO: Run Behavior\BuildLiteBehavior [ RunTime:0.000000s ]
INFO: [ app_init ] --END-- [ RunTime:0.001000s ]
ERR: 无法加载模块:File

[ 2016-10-17T18:17:31+08:00 ] 188.162.228.29 /file/upload/201511/24/165312841.jpg
INFO: [ app_init ] --START--
INFO: Run Behavior\BuildLiteBehavior [ RunTime:0.000000s ]
INFO: [ app_init ] --END-- [ RunTime:0.000000s ]
ERR: 无法加载模块:File

[ 2016-10-17T18:17:36+08:00 ] 188.162.228.29 /file/upload/201511/24/165516751.jpg
INFO: [ app_init ] --START--
INFO: Run Behavior\BuildLiteBehavior [ RunTime:0.000000s ]
INFO: [ app_init ] --END-- [ RunTime:0.001000s ]
ERR: 无法加载模块:File

[ 2016-10-17T18:17:41+08:00 ] 188.162.228.29 /file/upload/201511/24/165217251.jpg
INFO: [ app_init ] --START--
INFO: Run Behavior\BuildLiteBehavior [ RunTime:0.000000s ]
INFO: [ app_init ] --END-- [ RunTime:0.000000s ]
ERR: 无法加载模块:File

[ 2016-10-17T18:17:46+08:00 ] 188.162.228.29 /file/upload/201511/24/165312841.jpg
INFO: [ app_init ] --START--
INFO: Run Behavior\BuildLiteBehavior [ RunTime:0.000000s ]
INFO: [ app_init ] --END-- [ RunTime:0.000000s ]
ERR: 无法加载模块:File

[ 2016-10-17T18:17:51+08:00 ] 188.162.228.29 /file/upload/201511/24/165516751.jpg
INFO: [ app_init ] --START--
INFO: Run Behavior\BuildLiteBehavior [ RunTime:0.000000s ]
INFO: [ app_init ] --END-- [ RunTime:0.000000s ]
ERR: 无法加载模块:File

[ 2016-10-17T18:17:56+08:00 ] 188.162.228.29 /file/upload/201511/24/165217251.jpg
INFO: [ app_init ] --START--
INFO: Run Behavior\BuildLiteBehavior [ RunTime:0.000000s ]
INFO: [ app_init ] --END-- [ RunTime:0.000000s ]
ERR: 无法加载模块:File

[ 2016-10-17T18:18:01+08:00 ] 188.162.228.29 /file/upload/201511/24/165312841.jpg
INFO: [ app_init ] --START--
INFO: Run Behavior\BuildLiteBehavior [ RunTime:0.000000s ]
INFO: [ app_init ] --END-- [ RunTime:0.000000s ]
ERR: 无法加载模块:File

[ 2016-10-17T18:18:06+08:00 ] 188.162.228.29 /file/upload/201511/24/165516751.jpg
INFO: [ app_init ] --START--
INFO: Run Behavior\BuildLiteBehavior [ RunTime:0.000000s ]
INFO: [ app_init ] --END-- [ RunTime:0.000000s ]
ERR: 无法加载模块:File

[ 2016-10-17T18:18:12+08:00 ] 188.162.228.29 /file/upload/201511/24/165217251.jpg
INFO: [ app_init ] --START--
INFO: Run Behavior\BuildLiteBehavior [ RunTime:0.000000s ]
INFO: [ app_init ] --END-- [ RunTime:0.000000s ]
ERR: 无法加载模块:File

[ 2016-10-17T18:18:16+08:00 ] 188.162.228.29 /file/upload/201511/24/165312841.jpg
INFO: [ app_init ] --START--
INFO: Run Behavior\BuildLiteBehavior [ RunTime:0.000000s ]
INFO: [ app_init ] --END-- [ RunTime:0.000000s ]
ERR: 无法加载模块:File

[ 2016-10-17T18:18:21+08:00 ] 188.162.228.29 /file/upload/201511/24/165516751.jpg
INFO: [ app_init ] --START--
INFO: Run Behavior\BuildLiteBehavior [ RunTime:0.000000s ]
INFO: [ app_init ] --END-- [ RunTime:0.000000s ]
ERR: 无法加载模块:File

[ 2016-10-17T18:18:26+08:00 ] 188.162.228.29 /file/upload/201511/24/165217251.jpg
INFO: [ app_init ] --START--
INFO: Run Behavior\BuildLiteBehavior [ RunTime:0.000000s ]
INFO: [ app_init ] --END-- [ RunTime:0.001000s ]
ERR: 无法加载模块:File

[ 2016-10-17T18:18:28+08:00 ] 66.249.64.30 /show/27/55720/0.html
INFO: [ app_init ] --START--
INFO: Run Behavior\BuildLiteBehavior [ RunTime:0.000000s ]
INFO: [ app_init ] --END-- [ RunTime:0.000000s ]
ERR: 无法加载模块:Show

[ 2016-10-17T18:18:31+08:00 ] 188.162.228.29 /file/upload/201511/24/165312841.jpg
INFO: [ app_init ] --START--
INFO: Run Behavior\BuildLiteBehavior [ RunTime:0.000000s ]
INFO: [ app_init ] --END-- [ RunTime:0.000000s ]
ERR: 无法加载模块:File

[ 2016-10-17T18:18:36+08:00 ] 188.162.228.29 /file/upload/201511/24/165516751.jpg
INFO: [ app_init ] --START--
INFO: Run Behavior\BuildLiteBehavior [ RunTime:0.000000s ]
INFO: [ app_init ] --END-- [ RunTime:0.000000s ]
ERR: 无法加载模块:File

[ 2016-10-17T18:18:41+08:00 ] 188.162.228.29 /file/upload/201511/24/165217251.jpg
INFO: [ app_init ] --START--
INFO: Run Behavior\BuildLiteBehavior [ RunTime:0.000000s ]
INFO: [ app_init ] --END-- [ RunTime:0.000000s ]
ERR: 无法加载模块:File

[ 2016-10-17T18:18:46+08:00 ] 188.162.228.29 /file/upload/201511/24/165312841.jpg
INFO: [ app_init ] --START--
INFO: Run Behavior\BuildLiteBehavior [ RunTime:0.000000s ]
INFO: [ app_init ] --END-- [ RunTime:0.000000s ]
ERR: 无法加载模块:File

[ 2016-10-17T18:18:51+08:00 ] 188.162.228.29 /file/upload/201511/24/165516751.jpg
INFO: [ app_init ] --START--
INFO: Run Behavior\BuildLiteBehavior [ RunTime:0.000000s ]
INFO: [ app_init ] --END-- [ RunTime:0.000000s ]
ERR: 无法加载模块:File

[ 2016-10-17T18:18:56+08:00 ] 188.162.228.29 /file/upload/201511/24/165217251.jpg
INFO: [ app_init ] --START--
INFO: Run Behavior\BuildLiteBehavior [ RunTime:0.000000s ]
INFO: [ app_init ] --END-- [ RunTime:0.000000s ]
ERR: 无法加载模块:File

[ 2016-10-17T18:19:01+08:00 ] 188.162.228.29 /file/upload/201511/24/165312841.jpg
INFO: [ app_init ] --START--
INFO: Run Behavior\BuildLiteBehavior [ RunTime:0.000000s ]
INFO: [ app_init ] --END-- [ RunTime:0.000000s ]
ERR: 无法加载模块:File

[ 2016-10-17T18:19:06+08:00 ] 188.162.228.29 /file/upload/201511/24/165516751.jpg
INFO: [ app_init ] --START--
INFO: Run Behavior\BuildLiteBehavior [ RunTime:0.000000s ]
INFO: [ app_init ] --END-- [ RunTime:0.000000s ]
ERR: 无法加载模块:File

[ 2016-10-17T18:19:11+08:00 ] 188.162.228.29 /file/upload/201511/24/165217251.jpg
INFO: [ app_init ] --START--
INFO: Run Behavior\BuildLiteBehavior [ RunTime:0.000000s ]
INFO: [ app_init ] --END-- [ RunTime:0.000000s ]
ERR: 无法加载模块:File

[ 2016-10-17T18:19:16+08:00 ] 188.162.228.29 /file/upload/201511/24/165312841.jpg
INFO: [ app_init ] --START--
INFO: Run Behavior\BuildLiteBehavior [ RunTime:0.000000s ]
INFO: [ app_init ] --END-- [ RunTime:0.000000s ]
ERR: 无法加载模块:File

[ 2016-10-17T18:19:21+08:00 ] 188.162.228.29 /file/upload/201511/24/165516751.jpg
INFO: [ app_init ] --START--
INFO: Run Behavior\BuildLiteBehavior [ RunTime:0.000000s ]
INFO: [ app_init ] --END-- [ RunTime:0.000000s ]
ERR: 无法加载模块:File

[ 2016-10-17T18:19:26+08:00 ] 188.162.228.29 /file/upload/201511/24/165217251.jpg
INFO: [ app_init ] --START--
INFO: Run Behavior\BuildLiteBehavior [ RunTime:0.000000s ]
INFO: [ app_init ] --END-- [ RunTime:0.000000s ]
ERR: 无法加载模块:File

[ 2016-10-17T18:19:31+08:00 ] 188.162.228.29 /file/upload/201511/24/165312841.jpg
INFO: [ app_init ] --START--
INFO: Run Behavior\BuildLiteBehavior [ RunTime:0.000000s ]
INFO: [ app_init ] --END-- [ RunTime:0.000000s ]
ERR: 无法加载模块:File

[ 2016-10-17T18:19:36+08:00 ] 188.162.228.29 /file/upload/201511/24/165516751.jpg
INFO: [ app_init ] --START--
INFO: Run Behavior\BuildLiteBehavior [ RunTime:0.000000s ]
INFO: [ app_init ] --END-- [ RunTime:0.001000s ]
ERR: 无法加载模块:File

[ 2016-10-17T18:19:41+08:00 ] 188.162.228.29 /file/upload/201511/24/165217251.jpg
INFO: [ app_init ] --START--
INFO: Run Behavior\BuildLiteBehavior [ RunTime:0.000000s ]
INFO: [ app_init ] --END-- [ RunTime:0.000000s ]
ERR: 无法加载模块:File

[ 2016-10-17T18:19:46+08:00 ] 188.162.228.29 /file/upload/201511/24/165312841.jpg
INFO: [ app_init ] --START--
INFO: Run Behavior\BuildLiteBehavior [ RunTime:0.000000s ]
INFO: [ app_init ] --END-- [ RunTime:0.000000s ]
ERR: 无法加载模块:File

[ 2016-10-17T18:19:51+08:00 ] 188.162.228.29 /file/upload/201511/24/165516751.jpg
INFO: [ app_init ] --START--
INFO: Run Behavior\BuildLiteBehavior [ RunTime:0.000000s ]
INFO: [ app_init ] --END-- [ RunTime:0.000000s ]
ERR: 无法加载模块:File

[ 2016-10-17T18:19:56+08:00 ] 188.162.228.29 /file/upload/201511/24/165217251.jpg
INFO: [ app_init ] --START--
INFO: Run Behavior\BuildLiteBehavior [ RunTime:0.000000s ]
INFO: [ app_init ] --END-- [ RunTime:0.000000s ]
ERR: 无法加载模块:File

[ 2016-10-17T18:20:01+08:00 ] 188.162.228.29 /file/upload/201511/24/165312841.jpg
INFO: [ app_init ] --START--
INFO: Run Behavior\BuildLiteBehavior [ RunTime:0.000000s ]
INFO: [ app_init ] --END-- [ RunTime:0.000000s ]
ERR: 无法加载模块:File

[ 2016-10-17T18:20:06+08:00 ] 188.162.228.29 /file/upload/201511/24/165516751.jpg
INFO: [ app_init ] --START--
INFO: Run Behavior\BuildLiteBehavior [ RunTime:0.000000s ]
INFO: [ app_init ] --END-- [ RunTime:0.000000s ]
ERR: 无法加载模块:File

[ 2016-10-17T18:20:11+08:00 ] 188.162.228.29 /file/upload/201511/24/165217251.jpg
INFO: [ app_init ] --START--
INFO: Run Behavior\BuildLiteBehavior [ RunTime:0.000000s ]
INFO: [ app_init ] --END-- [ RunTime:0.000000s ]
ERR: 无法加载模块:File

[ 2016-10-17T18:20:16+08:00 ] 188.162.228.29 /file/upload/201511/24/165312841.jpg
INFO: [ app_init ] --START--
INFO: Run Behavior\BuildLiteBehavior [ RunTime:0.000000s ]
INFO: [ app_init ] --END-- [ RunTime:0.000000s ]
ERR: 无法加载模块:File

[ 2016-10-17T18:20:21+08:00 ] 188.162.228.29 /file/upload/201511/24/165516751.jpg
INFO: [ app_init ] --START--
INFO: Run Behavior\BuildLiteBehavior [ RunTime:0.000000s ]
INFO: [ app_init ] --END-- [ RunTime:0.000000s ]
ERR: 无法加载模块:File

[ 2016-10-17T18:20:27+08:00 ] 188.162.228.29 /file/upload/201511/24/165217251.jpg
INFO: [ app_init ] --START--
INFO: Run Behavior\BuildLiteBehavior [ RunTime:0.000000s ]
INFO: [ app_init ] --END-- [ RunTime:0.000000s ]
ERR: 无法加载模块:File

[ 2016-10-17T18:20:32+08:00 ] 188.162.228.29 /file/upload/201511/24/165312841.jpg
INFO: [ app_init ] --START--
INFO: Run Behavior\BuildLiteBehavior [ RunTime:0.000000s ]
INFO: [ app_init ] --END-- [ RunTime:0.000000s ]
ERR: 无法加载模块:File

[ 2016-10-17T18:20:37+08:00 ] 188.162.228.29 /file/upload/201511/24/165516751.jpg
INFO: [ app_init ] --START--
INFO: Run Behavior\BuildLiteBehavior [ RunTime:0.000000s ]
INFO: [ app_init ] --END-- [ RunTime:0.000000s ]
ERR: 无法加载模块:File

[ 2016-10-17T18:20:42+08:00 ] 188.162.228.29 /file/upload/201511/24/165217251.jpg
INFO: [ app_init ] --START--
INFO: Run Behavior\BuildLiteBehavior [ RunTime:0.000000s ]
INFO: [ app_init ] --END-- [ RunTime:0.001000s ]
ERR: 无法加载模块:File

[ 2016-10-17T18:20:46+08:00 ] 188.162.228.29 /file/upload/201511/24/165312841.jpg
INFO: [ app_init ] --START--
INFO: Run Behavior\BuildLiteBehavior [ RunTime:0.000000s ]
INFO: [ app_init ] --END-- [ RunTime:0.000000s ]
ERR: 无法加载模块:File

[ 2016-10-17T18:20:52+08:00 ] 188.162.228.29 /file/upload/201511/24/165516751.jpg
INFO: [ app_init ] --START--
INFO: Run Behavior\BuildLiteBehavior [ RunTime:0.000000s ]
INFO: [ app_init ] --END-- [ RunTime:0.000000s ]
ERR: 无法加载模块:File

[ 2016-10-17T18:20:57+08:00 ] 188.162.228.29 /file/upload/201511/24/165217251.jpg
INFO: [ app_init ] --START--
INFO: Run Behavior\BuildLiteBehavior [ RunTime:0.000000s ]
INFO: [ app_init ] --END-- [ RunTime:0.000000s ]
ERR: 无法加载模块:File

[ 2016-10-17T18:21:02+08:00 ] 188.162.228.29 /file/upload/201511/24/165312841.jpg
INFO: [ app_init ] --START--
INFO: Run Behavior\BuildLiteBehavior [ RunTime:0.000000s ]
INFO: [ app_init ] --END-- [ RunTime:0.000000s ]
ERR: 无法加载模块:File

[ 2016-10-17T18:21:07+08:00 ] 188.162.228.29 /file/upload/201511/24/165516751.jpg
INFO: [ app_init ] --START--
INFO: Run Behavior\BuildLiteBehavior [ RunTime:0.000000s ]
INFO: [ app_init ] --END-- [ RunTime:0.000000s ]
ERR: 无法加载模块:File

[ 2016-10-17T18:21:11+08:00 ] 188.162.228.29 /file/upload/201511/24/165217251.jpg
INFO: [ app_init ] --START--
INFO: Run Behavior\BuildLiteBehavior [ RunTime:0.000000s ]
INFO: [ app_init ] --END-- [ RunTime:0.000000s ]
ERR: 无法加载模块:File

[ 2016-10-17T18:21:16+08:00 ] 188.162.228.29 /file/upload/201511/24/165312841.jpg
INFO: [ app_init ] --START--
INFO: Run Behavior\BuildLiteBehavior [ RunTime:0.000000s ]
INFO: [ app_init ] --END-- [ RunTime:0.000000s ]
ERR: 无法加载模块:File

[ 2016-10-17T18:21:22+08:00 ] 188.162.228.29 /file/upload/201511/24/165516751.jpg
INFO: [ app_init ] --START--
INFO: Run Behavior\BuildLiteBehavior [ RunTime:0.000000s ]
INFO: [ app_init ] --END-- [ RunTime:0.000000s ]
ERR: 无法加载模块:File

[ 2016-10-17T18:21:26+08:00 ] 188.162.228.29 /file/upload/201511/24/165217251.jpg
INFO: [ app_init ] --START--
INFO: Run Behavior\BuildLiteBehavior [ RunTime:0.000000s ]
INFO: [ app_init ] --END-- [ RunTime:0.000000s ]
ERR: 无法加载模块:File

[ 2016-10-17T18:21:31+08:00 ] 188.162.228.29 /file/upload/201511/24/165312841.jpg
INFO: [ app_init ] --START--
INFO: Run Behavior\BuildLiteBehavior [ RunTime:0.000000s ]
INFO: [ app_init ] --END-- [ RunTime:0.000000s ]
ERR: 无法加载模块:File

[ 2016-10-17T18:21:36+08:00 ] 188.162.228.29 /file/upload/201511/24/165516751.jpg
INFO: [ app_init ] --START--
INFO: Run Behavior\BuildLiteBehavior [ RunTime:0.000000s ]
INFO: [ app_init ] --END-- [ RunTime:0.001001s ]
ERR: 无法加载模块:File

[ 2016-10-17T18:21:40+08:00 ] 180.76.15.154 /show/18/3738/0.html
INFO: [ app_init ] --START--
INFO: Run Behavior\BuildLiteBehavior [ RunTime:0.000000s ]
INFO: [ app_init ] --END-- [ RunTime:0.000000s ]
ERR: 无法加载模块:Show

[ 2016-10-17T18:21:41+08:00 ] 188.162.228.29 /file/upload/201511/24/165217251.jpg
INFO: [ app_init ] --START--
INFO: Run Behavior\BuildLiteBehavior [ RunTime:0.000000s ]
INFO: [ app_init ] --END-- [ RunTime:0.000000s ]
ERR: 无法加载模块:File

[ 2016-10-17T18:21:46+08:00 ] 188.162.228.29 /file/upload/201511/24/165312841.jpg
INFO: [ app_init ] --START--
INFO: Run Behavior\BuildLiteBehavior [ RunTime:0.000000s ]
INFO: [ app_init ] --END-- [ RunTime:0.000000s ]
ERR: 无法加载模块:File

[ 2016-10-17T18:21:51+08:00 ] 188.162.228.29 /file/upload/201511/24/165516751.jpg
INFO: [ app_init ] --START--
INFO: Run Behavior\BuildLiteBehavior [ RunTime:0.000000s ]
INFO: [ app_init ] --END-- [ RunTime:0.000000s ]
ERR: 无法加载模块:File

[ 2016-10-17T18:21:56+08:00 ] 188.162.228.29 /file/upload/201511/24/165217251.jpg
INFO: [ app_init ] --START--
INFO: Run Behavior\BuildLiteBehavior [ RunTime:0.000000s ]
INFO: [ app_init ] --END-- [ RunTime:0.000000s ]
ERR: 无法加载模块:File

[ 2016-10-17T18:22:01+08:00 ] 188.162.228.29 /file/upload/201511/24/165312841.jpg
INFO: [ app_init ] --START--
INFO: Run Behavior\BuildLiteBehavior [ RunTime:0.000000s ]
INFO: [ app_init ] --END-- [ RunTime:0.000000s ]
ERR: 无法加载模块:File

[ 2016-10-17T18:22:06+08:00 ] 188.162.228.29 /file/upload/201511/24/165516751.jpg
INFO: [ app_init ] --START--
INFO: Run Behavior\BuildLiteBehavior [ RunTime:0.000000s ]
INFO: [ app_init ] --END-- [ RunTime:0.000000s ]
ERR: 无法加载模块:File

[ 2016-10-17T18:22:12+08:00 ] 188.162.228.29 /file/upload/201511/24/165217251.jpg
INFO: [ app_init ] --START--
INFO: Run Behavior\BuildLiteBehavior [ RunTime:0.000000s ]
INFO: [ app_init ] --END-- [ RunTime:0.000000s ]
ERR: 无法加载模块:File

[ 2016-10-17T18:22:17+08:00 ] 188.162.228.29 /file/upload/201511/24/165312841.jpg
INFO: [ app_init ] --START--
INFO: Run Behavior\BuildLiteBehavior [ RunTime:0.000000s ]
INFO: [ app_init ] --END-- [ RunTime:0.000000s ]
ERR: 无法加载模块:File

[ 2016-10-17T18:22:21+08:00 ] 188.162.228.29 /file/upload/201511/24/165516751.jpg
INFO: [ app_init ] --START--
INFO: Run Behavior\BuildLiteBehavior [ RunTime:0.000000s ]
INFO: [ app_init ] --END-- [ RunTime:0.000000s ]
ERR: 无法加载模块:File

[ 2016-10-17T18:22:26+08:00 ] 188.162.228.29 /file/upload/201511/24/165217251.jpg
INFO: [ app_init ] --START--
INFO: Run Behavior\BuildLiteBehavior [ RunTime:0.000000s ]
INFO: [ app_init ] --END-- [ RunTime:0.001000s ]
ERR: 无法加载模块:File

[ 2016-10-17T18:22:31+08:00 ] 188.162.228.29 /file/upload/201511/24/165312841.jpg
INFO: [ app_init ] --START--
INFO: Run Behavior\BuildLiteBehavior [ RunTime:0.000000s ]
INFO: [ app_init ] --END-- [ RunTime:0.000000s ]
ERR: 无法加载模块:File

[ 2016-10-17T18:22:36+08:00 ] 188.162.228.29 /file/upload/201511/24/165516751.jpg
INFO: [ app_init ] --START--
INFO: Run Behavior\BuildLiteBehavior [ RunTime:0.000000s ]
INFO: [ app_init ] --END-- [ RunTime:0.000000s ]
ERR: 无法加载模块:File

[ 2016-10-17T18:22:41+08:00 ] 188.162.228.29 /file/upload/201511/24/165217251.jpg
INFO: [ app_init ] --START--
INFO: Run Behavior\BuildLiteBehavior [ RunTime:0.000000s ]
INFO: [ app_init ] --END-- [ RunTime:0.000000s ]
ERR: 无法加载模块:File

[ 2016-10-17T18:22:46+08:00 ] 188.162.228.29 /file/upload/201511/24/165312841.jpg
INFO: [ app_init ] --START--
INFO: Run Behavior\BuildLiteBehavior [ RunTime:0.000000s ]
INFO: [ app_init ] --END-- [ RunTime:0.000000s ]
ERR: 无法加载模块:File

[ 2016-10-17T18:22:53+08:00 ] 188.162.228.29 /file/upload/201511/24/165516751.jpg
INFO: [ app_init ] --START--
INFO: Run Behavior\BuildLiteBehavior [ RunTime:0.000000s ]
INFO: [ app_init ] --END-- [ RunTime:0.001000s ]
ERR: 无法加载模块:File

[ 2016-10-17T18:22:56+08:00 ] 188.162.228.29 /file/upload/201511/24/165217251.jpg
INFO: [ app_init ] --START--
INFO: Run Behavior\BuildLiteBehavior [ RunTime:0.000000s ]
INFO: [ app_init ] --END-- [ RunTime:0.000000s ]
ERR: 无法加载模块:File

[ 2016-10-17T18:23:01+08:00 ] 188.162.228.29 /file/upload/201511/24/165312841.jpg
INFO: [ app_init ] --START--
INFO: Run Behavior\BuildLiteBehavior [ RunTime:0.000000s ]
INFO: [ app_init ] --END-- [ RunTime:0.000000s ]
ERR: 无法加载模块:File

[ 2016-10-17T18:23:06+08:00 ] 188.162.228.29 /file/upload/201511/24/165516751.jpg
INFO: [ app_init ] --START--
INFO: Run Behavior\BuildLiteBehavior [ RunTime:0.000000s ]
INFO: [ app_init ] --END-- [ RunTime:0.000000s ]
ERR: 无法加载模块:File

[ 2016-10-17T18:23:11+08:00 ] 188.162.228.29 /file/upload/201511/24/165217251.jpg
INFO: [ app_init ] --START--
INFO: Run Behavior\BuildLiteBehavior [ RunTime:0.000000s ]
INFO: [ app_init ] --END-- [ RunTime:0.000000s ]
ERR: 无法加载模块:File

[ 2016-10-17T18:23:16+08:00 ] 188.162.228.29 /file/upload/201511/24/165312841.jpg
INFO: [ app_init ] --START--
INFO: Run Behavior\BuildLiteBehavior [ RunTime:0.000000s ]
INFO: [ app_init ] --END-- [ RunTime:0.000000s ]
ERR: 无法加载模块:File

[ 2016-10-17T18:23:21+08:00 ] 188.162.228.29 /file/upload/201511/24/165516751.jpg
INFO: [ app_init ] --START--
INFO: Run Behavior\BuildLiteBehavior [ RunTime:0.000000s ]
INFO: [ app_init ] --END-- [ RunTime:0.000000s ]
ERR: 无法加载模块:File

[ 2016-10-17T18:23:26+08:00 ] 188.162.228.29 /file/upload/201511/24/165217251.jpg
INFO: [ app_init ] --START--
INFO: Run Behavior\BuildLiteBehavior [ RunTime:0.000000s ]
INFO: [ app_init ] --END-- [ RunTime:0.000000s ]
ERR: 无法加载模块:File

[ 2016-10-17T18:23:32+08:00 ] 188.162.228.29 /file/upload/201511/24/165312841.jpg
INFO: [ app_init ] --START--
INFO: Run Behavior\BuildLiteBehavior [ RunTime:0.000000s ]
INFO: [ app_init ] --END-- [ RunTime:0.000000s ]
ERR: 无法加载模块:File

[ 2016-10-17T18:23:37+08:00 ] 188.162.228.29 /file/upload/201511/24/165516751.jpg
INFO: [ app_init ] --START--
INFO: Run Behavior\BuildLiteBehavior [ RunTime:0.000000s ]
INFO: [ app_init ] --END-- [ RunTime:0.000000s ]
ERR: 无法加载模块:File

[ 2016-10-17T18:23:38+08:00 ] 66.249.64.33 /show/28/32739/0.html
INFO: [ app_init ] --START--
INFO: Run Behavior\BuildLiteBehavior [ RunTime:0.000000s ]
INFO: [ app_init ] --END-- [ RunTime:0.000000s ]
ERR: 无法加载模块:Show

[ 2016-10-17T18:23:41+08:00 ] 188.162.228.29 /file/upload/201511/24/165217251.jpg
INFO: [ app_init ] --START--
INFO: Run Behavior\BuildLiteBehavior [ RunTime:0.000000s ]
INFO: [ app_init ] --END-- [ RunTime:0.000000s ]
ERR: 无法加载模块:File

[ 2016-10-17T18:23:47+08:00 ] 188.162.228.29 /file/upload/201511/24/165312841.jpg
INFO: [ app_init ] --START--
INFO: Run Behavior\BuildLiteBehavior [ RunTime:0.000000s ]
INFO: [ app_init ] --END-- [ RunTime:0.000000s ]
ERR: 无法加载模块:File

[ 2016-10-17T18:23:52+08:00 ] 188.162.228.29 /file/upload/201511/24/165516751.jpg
INFO: [ app_init ] --START--
INFO: Run Behavior\BuildLiteBehavior [ RunTime:0.000000s ]
INFO: [ app_init ] --END-- [ RunTime:0.001000s ]
ERR: 无法加载模块:File

[ 2016-10-17T18:23:57+08:00 ] 188.162.228.29 /file/upload/201511/24/165217251.jpg
INFO: [ app_init ] --START--
INFO: Run Behavior\BuildLiteBehavior [ RunTime:0.000000s ]
INFO: [ app_init ] --END-- [ RunTime:0.000000s ]
ERR: 无法加载模块:File

[ 2016-10-17T18:24:02+08:00 ] 188.162.228.29 /file/upload/201511/24/165312841.jpg
INFO: [ app_init ] --START--
INFO: Run Behavior\BuildLiteBehavior [ RunTime:0.000000s ]
INFO: [ app_init ] --END-- [ RunTime:0.000000s ]
ERR: 无法加载模块:File

[ 2016-10-17T18:24:07+08:00 ] 188.162.228.29 /file/upload/201511/24/165516751.jpg
INFO: [ app_init ] --START--
INFO: Run Behavior\BuildLiteBehavior [ RunTime:0.000000s ]
INFO: [ app_init ] --END-- [ RunTime:0.000000s ]
ERR: 无法加载模块:File

[ 2016-10-17T18:24:11+08:00 ] 188.162.228.29 /file/upload/201511/24/165217251.jpg
INFO: [ app_init ] --START--
INFO: Run Behavior\BuildLiteBehavior [ RunTime:0.000000s ]
INFO: [ app_init ] --END-- [ RunTime:0.000000s ]
ERR: 无法加载模块:File

[ 2016-10-17T18:24:17+08:00 ] 188.162.228.29 /file/upload/201511/24/165312841.jpg
INFO: [ app_init ] --START--
INFO: Run Behavior\BuildLiteBehavior [ RunTime:0.000000s ]
INFO: [ app_init ] --END-- [ RunTime:0.000000s ]
ERR: 无法加载模块:File

[ 2016-10-17T18:24:22+08:00 ] 188.162.228.29 /file/upload/201511/24/165516751.jpg
INFO: [ app_init ] --START--
INFO: Run Behavior\BuildLiteBehavior [ RunTime:0.000000s ]
INFO: [ app_init ] --END-- [ RunTime:0.000000s ]
ERR: 无法加载模块:File

[ 2016-10-17T18:24:27+08:00 ] 188.162.228.29 /file/upload/201511/24/165217251.jpg
INFO: [ app_init ] --START--
INFO: Run Behavior\BuildLiteBehavior [ RunTime:0.000000s ]
INFO: [ app_init ] --END-- [ RunTime:0.000000s ]
ERR: 无法加载模块:File

[ 2016-10-17T18:24:31+08:00 ] 188.162.228.29 /file/upload/201511/24/165312841.jpg
INFO: [ app_init ] --START--
INFO: Run Behavior\BuildLiteBehavior [ RunTime:0.000000s ]
INFO: [ app_init ] --END-- [ RunTime:0.000000s ]
ERR: 无法加载模块:File

[ 2016-10-17T18:24:36+08:00 ] 188.162.228.29 /file/upload/201511/24/165516751.jpg
INFO: [ app_init ] --START--
INFO: Run Behavior\BuildLiteBehavior [ RunTime:0.000000s ]
INFO: [ app_init ] --END-- [ RunTime:0.000000s ]
ERR: 无法加载模块:File

[ 2016-10-17T18:24:41+08:00 ] 188.162.228.29 /file/upload/201511/24/165217251.jpg
INFO: [ app_init ] --START--
INFO: Run Behavior\BuildLiteBehavior [ RunTime:0.000000s ]
INFO: [ app_init ] --END-- [ RunTime:0.001000s ]
ERR: 无法加载模块:File

[ 2016-10-17T18:24:46+08:00 ] 188.162.228.29 /file/upload/201511/24/165312841.jpg
INFO: [ app_init ] --START--
INFO: Run Behavior\BuildLiteBehavior [ RunTime:0.000000s ]
INFO: [ app_init ] --END-- [ RunTime:0.001000s ]
ERR: 无法加载模块:File

[ 2016-10-17T18:24:51+08:00 ] 188.162.228.29 /file/upload/201511/24/165516751.jpg
INFO: [ app_init ] --START--
INFO: Run Behavior\BuildLiteBehavior [ RunTime:0.000000s ]
INFO: [ app_init ] --END-- [ RunTime:0.000000s ]
ERR: 无法加载模块:File

[ 2016-10-17T18:24:56+08:00 ] 188.162.228.29 /file/upload/201511/24/165217251.jpg
INFO: [ app_init ] --START--
INFO: Run Behavior\BuildLiteBehavior [ RunTime:0.000000s ]
INFO: [ app_init ] --END-- [ RunTime:0.000000s ]
ERR: 无法加载模块:File

[ 2016-10-17T18:25:01+08:00 ] 188.162.228.29 /file/upload/201511/24/165312841.jpg
INFO: [ app_init ] --START--
INFO: Run Behavior\BuildLiteBehavior [ RunTime:0.000000s ]
INFO: [ app_init ] --END-- [ RunTime:0.001000s ]
ERR: 无法加载模块:File

[ 2016-10-17T18:25:06+08:00 ] 188.162.228.29 /file/upload/201511/24/165516751.jpg
INFO: [ app_init ] --START--
INFO: Run Behavior\BuildLiteBehavior [ RunTime:0.000000s ]
INFO: [ app_init ] --END-- [ RunTime:0.000000s ]
ERR: 无法加载模块:File

[ 2016-10-17T18:25:11+08:00 ] 188.162.228.29 /file/upload/201511/24/165217251.jpg
INFO: [ app_init ] --START--
INFO: Run Behavior\BuildLiteBehavior [ RunTime:0.000000s ]
INFO: [ app_init ] --END-- [ RunTime:0.001000s ]
ERR: 无法加载模块:File

[ 2016-10-17T18:25:16+08:00 ] 188.162.228.29 /file/upload/201512/25/134759351.png
INFO: [ app_init ] --START--
INFO: Run Behavior\BuildLiteBehavior [ RunTime:0.000000s ]
INFO: [ app_init ] --END-- [ RunTime:0.000000s ]
ERR: 无法加载模块:File

[ 2016-10-17T18:28:11+08:00 ] 188.162.228.29 /file/upload/201511/18/113122111.jpg
INFO: [ app_init ] --START--
INFO: Run Behavior\BuildLiteBehavior [ RunTime:0.000000s ]
INFO: [ app_init ] --END-- [ RunTime:0.003001s ]
ERR: 无法加载模块:File

[ 2016-10-17T18:28:11+08:00 ] 188.162.228.29 /file/upload/201511/24/140259491.png
INFO: [ app_init ] --START--
INFO: Run Behavior\BuildLiteBehavior [ RunTime:0.000000s ]
INFO: [ app_init ] --END-- [ RunTime:0.000000s ]
ERR: 无法加载模块:File

[ 2016-10-17T18:28:11+08:00 ] 188.162.228.29 /file/upload/201511/24/165516751.jpg
INFO: [ app_init ] --START--
INFO: Run Behavior\BuildLiteBehavior [ RunTime:0.000000s ]
INFO: [ app_init ] --END-- [ RunTime:0.000000s ]
ERR: 无法加载模块:File

[ 2016-10-17T18:28:11+08:00 ] 188.162.228.29 /file/upload/201511/24/165312841.jpg
INFO: [ app_init ] --START--
INFO: Run Behavior\BuildLiteBehavior [ RunTime:0.000000s ]
INFO: [ app_init ] --END-- [ RunTime:0.001000s ]
ERR: 无法加载模块:File

[ 2016-10-17T18:28:11+08:00 ] 188.162.228.29 /file/upload/201512/25/134759351.png
INFO: [ app_init ] --START--
INFO: Run Behavior\BuildLiteBehavior [ RunTime:0.000000s ]
INFO: [ app_init ] --END-- [ RunTime:0.004000s ]
ERR: 无法加载模块:File

[ 2016-10-17T18:28:11+08:00 ] 188.162.228.29 /file/upload/201511/24/165217251.jpg
INFO: [ app_init ] --START--
INFO: Run Behavior\BuildLiteBehavior [ RunTime:0.001000s ]
INFO: [ app_init ] --END-- [ RunTime:0.004001s ]
ERR: 无法加载模块:File

[ 2016-10-17T18:28:12+08:00 ] 188.162.228.29 /file/upload/201511/24/143009571.jpg
INFO: [ app_init ] --START--
INFO: Run Behavior\BuildLiteBehavior [ RunTime:0.000000s ]
INFO: [ app_init ] --END-- [ RunTime:0.000000s ]
ERR: 无法加载模块:File

[ 2016-10-17T18:28:12+08:00 ] 188.162.228.29 /file/upload/201511/24/135940951.jpg
INFO: [ app_init ] --START--
INFO: Run Behavior\BuildLiteBehavior [ RunTime:0.000000s ]
INFO: [ app_init ] --END-- [ RunTime:0.000000s ]
ERR: 无法加载模块:File

[ 2016-10-17T18:28:12+08:00 ] 188.162.228.29 /file/upload/201511/18/120244101.jpg
INFO: [ app_init ] --START--
INFO: Run Behavior\BuildLiteBehavior [ RunTime:0.000000s ]
INFO: [ app_init ] --END-- [ RunTime:0.000000s ]
ERR: 无法加载模块:File

[ 2016-10-17T18:28:13+08:00 ] 188.162.228.29 /file/upload/201511/24/141822321.jpg
INFO: [ app_init ] --START--
INFO: Run Behavior\BuildLiteBehavior [ RunTime:0.000000s ]
INFO: [ app_init ] --END-- [ RunTime:0.000000s ]
ERR: 无法加载模块:File

[ 2016-10-17T18:28:13+08:00 ] 188.162.228.29 /file/upload/201511/18/120529451.jpg
INFO: [ app_init ] --START--
INFO: Run Behavior\BuildLiteBehavior [ RunTime:0.000000s ]
INFO: [ app_init ] --END-- [ RunTime:0.000000s ]
ERR: 无法加载模块:File

[ 2016-10-17T18:28:13+08:00 ] 188.162.228.29 /file/upload/201511/24/141837741.jpg
INFO: [ app_init ] --START--
INFO: Run Behavior\BuildLiteBehavior [ RunTime:0.000000s ]
INFO: [ app_init ] --END-- [ RunTime:0.000000s ]
ERR: 无法加载模块:File

[ 2016-10-17T18:28:14+08:00 ] 188.162.228.29 /file/upload/201511/24/140409701.jpg
INFO: [ app_init ] --START--
INFO: Run Behavior\BuildLiteBehavior [ RunTime:0.000000s ]
INFO: [ app_init ] --END-- [ RunTime:0.000000s ]
ERR: 无法加载模块:File

[ 2016-10-17T18:28:15+08:00 ] 188.162.228.29 /file/upload/201511/24/141459931.jpg
INFO: [ app_init ] --START--
INFO: Run Behavior\BuildLiteBehavior [ RunTime:0.000000s ]
INFO: [ app_init ] --END-- [ RunTime:0.000000s ]
ERR: 无法加载模块:File

[ 2016-10-17T18:28:15+08:00 ] 188.162.228.29 /file/upload/201511/24/140202821.jpg
INFO: [ app_init ] --START--
INFO: Run Behavior\BuildLiteBehavior [ RunTime:0.000000s ]
INFO: [ app_init ] --END-- [ RunTime:0.001000s ]
ERR: 无法加载模块:File

[ 2016-10-17T18:28:16+08:00 ] 188.162.228.29 /file/upload/201511/18/121055281.jpg
INFO: [ app_init ] --START--
INFO: Run Behavior\BuildLiteBehavior [ RunTime:0.000000s ]
INFO: [ app_init ] --END-- [ RunTime:0.000000s ]
ERR: 无法加载模块:File

[ 2016-10-17T18:28:16+08:00 ] 188.162.228.29 /file/upload/201511/18/121715501.jpg
INFO: [ app_init ] --START--
INFO: Run Behavior\BuildLiteBehavior [ RunTime:0.000000s ]
INFO: [ app_init ] --END-- [ RunTime:0.000000s ]
ERR: 无法加载模块:File

[ 2016-10-17T18:28:17+08:00 ] 188.162.228.29 /file/upload/201511/24/165217251.jpg
INFO: [ app_init ] --START--
INFO: Run Behavior\BuildLiteBehavior [ RunTime:0.000000s ]
INFO: [ app_init ] --END-- [ RunTime:0.000000s ]
ERR: 无法加载模块:File

[ 2016-10-17T18:28:18+08:00 ] 188.162.228.29 /file/upload/201511/24/140438771.jpg
INFO: [ app_init ] --START--
INFO: Run Behavior\BuildLiteBehavior [ RunTime:0.000000s ]
INFO: [ app_init ] --END-- [ RunTime:0.000000s ]
ERR: 无法加载模块:File

[ 2016-10-17T18:28:18+08:00 ] 188.162.228.29 /file/upload/201511/24/140259491.png
INFO: [ app_init ] --START--
INFO: Run Behavior\BuildLiteBehavior [ RunTime:0.000000s ]
INFO: [ app_init ] --END-- [ RunTime:0.000000s ]
ERR: 无法加载模块:File

[ 2016-10-17T18:28:19+08:00 ] 188.162.228.29 /file/upload/201511/18/113122111.jpg
INFO: [ app_init ] --START--
INFO: Run Behavior\BuildLiteBehavior [ RunTime:0.000000s ]
INFO: [ app_init ] --END-- [ RunTime:0.000000s ]
ERR: 无法加载模块:File

[ 2016-10-17T18:28:19+08:00 ] 188.162.228.29 /file/upload/201511/24/143009571.jpg
INFO: [ app_init ] --START--
INFO: Run Behavior\BuildLiteBehavior [ RunTime:0.000000s ]
INFO: [ app_init ] --END-- [ RunTime:0.000000s ]
ERR: 无法加载模块:File

[ 2016-10-17T18:28:20+08:00 ] 188.162.228.29 /file/upload/201511/18/120244101.jpg
INFO: [ app_init ] --START--
INFO: Run Behavior\BuildLiteBehavior [ RunTime:0.000000s ]
INFO: [ app_init ] --END-- [ RunTime:0.000000s ]
ERR: 无法加载模块:File

[ 2016-10-17T18:28:20+08:00 ] 188.162.228.29 /file/upload/201511/18/120529451.jpg
INFO: [ app_init ] --START--
INFO: Run Behavior\BuildLiteBehavior [ RunTime:0.000000s ]
INFO: [ app_init ] --END-- [ RunTime:0.000000s ]
ERR: 无法加载模块:File

[ 2016-10-17T18:28:20+08:00 ] 188.162.228.29 /file/upload/201511/24/141837741.jpg
INFO: [ app_init ] --START--
INFO: Run Behavior\BuildLiteBehavior [ RunTime:0.000000s ]
INFO: [ app_init ] --END-- [ RunTime:0.000000s ]
ERR: 无法加载模块:File

[ 2016-10-17T18:28:21+08:00 ] 188.162.228.29 /file/upload/201511/24/140409701.jpg
INFO: [ app_init ] --START--
INFO: Run Behavior\BuildLiteBehavior [ RunTime:0.000000s ]
INFO: [ app_init ] --END-- [ RunTime:0.001000s ]
ERR: 无法加载模块:File

[ 2016-10-17T18:28:21+08:00 ] 188.162.228.29 /file/upload/201511/18/121055281.jpg
INFO: [ app_init ] --START--
INFO: Run Behavior\BuildLiteBehavior [ RunTime:0.000000s ]
INFO: [ app_init ] --END-- [ RunTime:0.000000s ]
ERR: 无法加载模块:File

[ 2016-10-17T18:28:21+08:00 ] 188.162.228.29 /file/upload/201511/24/165312841.jpg
INFO: [ app_init ] --START--
INFO: Run Behavior\BuildLiteBehavior [ RunTime:0.000000s ]
INFO: [ app_init ] --END-- [ RunTime:0.000000s ]
ERR: 无法加载模块:File

[ 2016-10-17T18:28:21+08:00 ] 188.162.228.29 /file/upload/201511/24/141512881.jpg
INFO: [ app_init ] --START--
INFO: Run Behavior\BuildLiteBehavior [ RunTime:0.001000s ]
INFO: [ app_init ] --END-- [ RunTime:0.001000s ]
ERR: 无法加载模块:File

[ 2016-10-17T18:28:22+08:00 ] 188.162.228.29 /file/upload/201511/24/140043801.jpg
INFO: [ app_init ] --START--
INFO: Run Behavior\BuildLiteBehavior [ RunTime:0.000000s ]
INFO: [ app_init ] --END-- [ RunTime:0.000000s ]
ERR: 无法加载模块:File

[ 2016-10-17T18:28:22+08:00 ] 188.162.228.29 /file/upload/201511/18/122057981.jpg
INFO: [ app_init ] --START--
INFO: Run Behavior\BuildLiteBehavior [ RunTime:0.000000s ]
INFO: [ app_init ] --END-- [ RunTime:0.000000s ]
ERR: 无法加载模块:File

[ 2016-10-17T18:28:22+08:00 ] 188.162.228.29 /file/upload/201511/14/164409881.jpg
INFO: [ app_init ] --START--
INFO: Run Behavior\BuildLiteBehavior [ RunTime:0.000000s ]
INFO: [ app_init ] --END-- [ RunTime:0.000000s ]
ERR: 无法加载模块:File

[ 2016-10-17T18:28:23+08:00 ] 188.162.228.29 /file/upload/201511/24/141822321.jpg
INFO: [ app_init ] --START--
INFO: Run Behavior\BuildLiteBehavior [ RunTime:0.000000s ]
INFO: [ app_init ] --END-- [ RunTime:0.000000s ]
ERR: 无法加载模块:File

[ 2016-10-17T18:28:23+08:00 ] 188.162.228.29 /file/upload/201511/18/104122631.jpg
INFO: [ app_init ] --START--
INFO: Run Behavior\BuildLiteBehavior [ RunTime:0.000000s ]
INFO: [ app_init ] --END-- [ RunTime:0.000000s ]
ERR: 无法加载模块:File

[ 2016-10-17T18:28:26+08:00 ] 188.162.228.29 /file/upload/201511/24/165516751.jpg
INFO: [ app_init ] --START--
INFO: Run Behavior\BuildLiteBehavior [ RunTime:0.000000s ]
INFO: [ app_init ] --END-- [ RunTime:0.000000s ]
ERR: 无法加载模块:File

[ 2016-10-17T18:28:31+08:00 ] 188.162.228.29 /file/upload/201511/24/165217251.jpg
INFO: [ app_init ] --START--
INFO: Run Behavior\BuildLiteBehavior [ RunTime:0.000000s ]
INFO: [ app_init ] --END-- [ RunTime:0.001000s ]
ERR: 无法加载模块:File

[ 2016-10-17T18:28:36+08:00 ] 188.162.228.29 /file/upload/201511/24/165312841.jpg
INFO: [ app_init ] --START--
INFO: Run Behavior\BuildLiteBehavior [ RunTime:0.000000s ]
INFO: [ app_init ] --END-- [ RunTime:0.000000s ]
ERR: 无法加载模块:File

[ 2016-10-17T18:28:42+08:00 ] 188.162.228.29 /file/upload/201511/24/165516751.jpg
INFO: [ app_init ] --START--
INFO: Run Behavior\BuildLiteBehavior [ RunTime:0.000000s ]
INFO: [ app_init ] --END-- [ RunTime:0.000000s ]
ERR: 无法加载模块:File

[ 2016-10-17T18:28:46+08:00 ] 188.162.228.29 /file/upload/201511/24/165217251.jpg
INFO: [ app_init ] --START--
INFO: Run Behavior\BuildLiteBehavior [ RunTime:0.000000s ]
INFO: [ app_init ] --END-- [ RunTime:0.000000s ]
ERR: 无法加载模块:File

[ 2016-10-17T18:28:48+08:00 ] 66.249.64.33 /show/21/1173/0.html
INFO: [ app_init ] --START--
INFO: Run Behavior\BuildLiteBehavior [ RunTime:0.000000s ]
INFO: [ app_init ] --END-- [ RunTime:0.000000s ]
ERR: 无法加载模块:Show

[ 2016-10-17T18:28:49+08:00 ] 66.249.64.27 /show/33/19662/0.html
INFO: [ app_init ] --START--
INFO: Run Behavior\BuildLiteBehavior [ RunTime:0.000000s ]
INFO: [ app_init ] --END-- [ RunTime:0.000000s ]
ERR: 无法加载模块:Show

[ 2016-10-17T18:28:51+08:00 ] 188.162.228.29 /file/upload/201511/24/165312841.jpg
INFO: [ app_init ] --START--
INFO: Run Behavior\BuildLiteBehavior [ RunTime:0.000000s ]
INFO: [ app_init ] --END-- [ RunTime:0.001000s ]
ERR: 无法加载模块:File

[ 2016-10-17T18:28:56+08:00 ] 188.162.228.29 /file/upload/201511/24/165516751.jpg
INFO: [ app_init ] --START--
INFO: Run Behavior\BuildLiteBehavior [ RunTime:0.000000s ]
INFO: [ app_init ] --END-- [ RunTime:0.000000s ]
ERR: 无法加载模块:File

[ 2016-10-17T18:29:01+08:00 ] 188.162.228.29 /file/upload/201511/24/165217251.jpg
INFO: [ app_init ] --START--
INFO: Run Behavior\BuildLiteBehavior [ RunTime:0.000000s ]
INFO: [ app_init ] --END-- [ RunTime:0.000000s ]
ERR: 无法加载模块:File

[ 2016-10-17T18:29:06+08:00 ] 188.162.228.29 /file/upload/201511/24/165312841.jpg
INFO: [ app_init ] --START--
INFO: Run Behavior\BuildLiteBehavior [ RunTime:0.000000s ]
INFO: [ app_init ] --END-- [ RunTime:0.000000s ]
ERR: 无法加载模块:File

[ 2016-10-17T18:29:13+08:00 ] 188.162.228.29 /file/upload/201511/24/165516751.jpg
INFO: [ app_init ] --START--
INFO: Run Behavior\BuildLiteBehavior [ RunTime:0.000000s ]
INFO: [ app_init ] --END-- [ RunTime:0.000000s ]
ERR: 无法加载模块:File

[ 2016-10-17T18:29:16+08:00 ] 188.162.228.29 /file/upload/201511/24/165217251.jpg
INFO: [ app_init ] --START--
INFO: Run Behavior\BuildLiteBehavior [ RunTime:0.000000s ]
INFO: [ app_init ] --END-- [ RunTime:0.000000s ]
ERR: 无法加载模块:File

[ 2016-10-17T18:29:21+08:00 ] 188.162.228.29 /file/upload/201511/24/165312841.jpg
INFO: [ app_init ] --START--
INFO: Run Behavior\BuildLiteBehavior [ RunTime:0.000000s ]
INFO: [ app_init ] --END-- [ RunTime:0.000000s ]
ERR: 无法加载模块:File

[ 2016-10-17T18:29:26+08:00 ] 188.162.228.29 /file/upload/201511/24/165516751.jpg
INFO: [ app_init ] --START--
INFO: Run Behavior\BuildLiteBehavior [ RunTime:0.000000s ]
INFO: [ app_init ] --END-- [ RunTime:0.000000s ]
ERR: 无法加载模块:File

[ 2016-10-17T18:29:31+08:00 ] 188.162.228.29 /file/upload/201511/24/165217251.jpg
INFO: [ app_init ] --START--
INFO: Run Behavior\BuildLiteBehavior [ RunTime:0.000000s ]
INFO: [ app_init ] --END-- [ RunTime:0.000000s ]
ERR: 无法加载模块:File

[ 2016-10-17T18:29:37+08:00 ] 188.162.228.29 /file/upload/201511/24/165312841.jpg
INFO: [ app_init ] --START--
INFO: Run Behavior\BuildLiteBehavior [ RunTime:0.000000s ]
INFO: [ app_init ] --END-- [ RunTime:0.001000s ]
ERR: 无法加载模块:File

[ 2016-10-17T18:29:47+08:00 ] 188.162.228.29 /file/upload/201511/24/165217251.jpg
INFO: [ app_init ] --START--
INFO: Run Behavior\BuildLiteBehavior [ RunTime:0.000000s ]
INFO: [ app_init ] --END-- [ RunTime:0.000000s ]
ERR: 无法加载模块:File

[ 2016-10-17T18:29:55+08:00 ] 188.162.228.29 /file/upload/201511/24/165312841.jpg
INFO: [ app_init ] --START--
INFO: Run Behavior\BuildLiteBehavior [ RunTime:0.000000s ]
INFO: [ app_init ] --END-- [ RunTime:0.000000s ]
ERR: 无法加载模块:File

[ 2016-10-17T18:29:56+08:00 ] 188.162.228.29 /file/upload/201511/24/165516751.jpg
INFO: [ app_init ] --START--
INFO: Run Behavior\BuildLiteBehavior [ RunTime:0.000000s ]
INFO: [ app_init ] --END-- [ RunTime:0.001000s ]
ERR: 无法加载模块:File

[ 2016-10-17T18:30:01+08:00 ] 188.162.228.29 /file/upload/201511/24/165217251.jpg
INFO: [ app_init ] --START--
INFO: Run Behavior\BuildLiteBehavior [ RunTime:0.000000s ]
INFO: [ app_init ] --END-- [ RunTime:0.000000s ]
ERR: 无法加载模块:File

[ 2016-10-17T18:30:06+08:00 ] 188.162.228.29 /file/upload/201511/24/165312841.jpg
INFO: [ app_init ] --START--
INFO: Run Behavior\BuildLiteBehavior [ RunTime:0.000000s ]
INFO: [ app_init ] --END-- [ RunTime:0.000000s ]
ERR: 无法加载模块:File

[ 2016-10-17T18:30:11+08:00 ] 188.162.228.29 /file/upload/201511/24/165516751.jpg
INFO: [ app_init ] --START--
INFO: Run Behavior\BuildLiteBehavior [ RunTime:0.000000s ]
INFO: [ app_init ] --END-- [ RunTime:0.000000s ]
ERR: 无法加载模块:File

[ 2016-10-17T18:30:16+08:00 ] 188.162.228.29 /file/upload/201511/24/165217251.jpg
INFO: [ app_init ] --START--
INFO: Run Behavior\BuildLiteBehavior [ RunTime:0.000000s ]
INFO: [ app_init ] --END-- [ RunTime:0.001000s ]
ERR: 无法加载模块:File

[ 2016-10-17T18:30:21+08:00 ] 188.162.228.29 /file/upload/201511/24/165312841.jpg
INFO: [ app_init ] --START--
INFO: Run Behavior\BuildLiteBehavior [ RunTime:0.000000s ]
INFO: [ app_init ] --END-- [ RunTime:0.000000s ]
ERR: 无法加载模块:File

[ 2016-10-17T18:30:27+08:00 ] 188.162.228.29 /file/upload/201511/24/165516751.jpg
INFO: [ app_init ] --START--
INFO: Run Behavior\BuildLiteBehavior [ RunTime:0.000000s ]
INFO: [ app_init ] --END-- [ RunTime:0.000000s ]
ERR: 无法加载模块:File

[ 2016-10-17T18:30:31+08:00 ] 188.162.228.29 /file/upload/201511/24/165217251.jpg
INFO: [ app_init ] --START--
INFO: Run Behavior\BuildLiteBehavior [ RunTime:0.000000s ]
INFO: [ app_init ] --END-- [ RunTime:0.000000s ]
ERR: 无法加载模块:File

[ 2016-10-17T18:30:36+08:00 ] 188.162.228.29 /file/upload/201511/24/165312841.jpg
INFO: [ app_init ] --START--
INFO: Run Behavior\BuildLiteBehavior [ RunTime:0.000000s ]
INFO: [ app_init ] --END-- [ RunTime:0.000000s ]
ERR: 无法加载模块:File

[ 2016-10-17T18:30:41+08:00 ] 188.162.228.29 /file/upload/201511/24/165516751.jpg
INFO: [ app_init ] --START--
INFO: Run Behavior\BuildLiteBehavior [ RunTime:0.000000s ]
INFO: [ app_init ] --END-- [ RunTime:0.000000s ]
ERR: 无法加载模块:File

[ 2016-10-17T18:30:46+08:00 ] 188.162.228.29 /file/upload/201511/24/165217251.jpg
INFO: [ app_init ] --START--
INFO: Run Behavior\BuildLiteBehavior [ RunTime:0.000000s ]
INFO: [ app_init ] --END-- [ RunTime:0.001000s ]
ERR: 无法加载模块:File

[ 2016-10-17T18:30:51+08:00 ] 188.162.228.29 /file/upload/201511/24/165312841.jpg
INFO: [ app_init ] --START--
INFO: Run Behavior\BuildLiteBehavior [ RunTime:0.000000s ]
INFO: [ app_init ] --END-- [ RunTime:0.001000s ]
ERR: 无法加载模块:File

[ 2016-10-17T18:30:57+08:00 ] 188.162.228.29 /file/upload/201511/24/165516751.jpg
INFO: [ app_init ] --START--
INFO: Run Behavior\BuildLiteBehavior [ RunTime:0.000000s ]
INFO: [ app_init ] --END-- [ RunTime:0.000000s ]
ERR: 无法加载模块:File

[ 2016-10-17T18:31:01+08:00 ] 188.162.228.29 /file/upload/201511/24/165217251.jpg
INFO: [ app_init ] --START--
INFO: Run Behavior\BuildLiteBehavior [ RunTime:0.000000s ]
INFO: [ app_init ] --END-- [ RunTime:0.000000s ]
ERR: 无法加载模块:File

[ 2016-10-17T18:31:07+08:00 ] 188.162.228.29 /file/upload/201511/24/165312841.jpg
INFO: [ app_init ] --START--
INFO: Run Behavior\BuildLiteBehavior [ RunTime:0.000000s ]
INFO: [ app_init ] --END-- [ RunTime:0.000000s ]
ERR: 无法加载模块:File

[ 2016-10-17T18:31:13+08:00 ] 188.162.228.29 /file/upload/201511/24/165516751.jpg
INFO: [ app_init ] --START--
INFO: Run Behavior\BuildLiteBehavior [ RunTime:0.000000s ]
INFO: [ app_init ] --END-- [ RunTime:0.000000s ]
ERR: 无法加载模块:File

[ 2016-10-17T18:31:16+08:00 ] 188.162.228.29 /file/upload/201511/24/165217251.jpg
INFO: [ app_init ] --START--
INFO: Run Behavior\BuildLiteBehavior [ RunTime:0.000000s ]
INFO: [ app_init ] --END-- [ RunTime:0.000000s ]
ERR: 无法加载模块:File

[ 2016-10-17T18:31:21+08:00 ] 188.162.228.29 /file/upload/201511/24/165312841.jpg
INFO: [ app_init ] --START--
INFO: Run Behavior\BuildLiteBehavior [ RunTime:0.000000s ]
INFO: [ app_init ] --END-- [ RunTime:0.000000s ]
ERR: 无法加载模块:File

[ 2016-10-17T18:31:26+08:00 ] 188.162.228.29 /file/upload/201511/24/165516751.jpg
INFO: [ app_init ] --START--
INFO: Run Behavior\BuildLiteBehavior [ RunTime:0.000000s ]
INFO: [ app_init ] --END-- [ RunTime:0.000000s ]
ERR: 无法加载模块:File

[ 2016-10-17T18:31:32+08:00 ] 188.162.228.29 /file/upload/201511/24/165217251.jpg
INFO: [ app_init ] --START--
INFO: Run Behavior\BuildLiteBehavior [ RunTime:0.000000s ]
INFO: [ app_init ] --END-- [ RunTime:0.000000s ]
ERR: 无法加载模块:File

[ 2016-10-17T18:31:47+08:00 ] 188.162.228.29 /file/upload/201511/24/165217251.jpg
INFO: [ app_init ] --START--
INFO: Run Behavior\BuildLiteBehavior [ RunTime:0.000000s ]
INFO: [ app_init ] --END-- [ RunTime:0.000000s ]
ERR: 无法加载模块:File

[ 2016-10-17T18:31:51+08:00 ] 188.162.228.29 /file/upload/201511/24/165312841.jpg
INFO: [ app_init ] --START--
INFO: Run Behavior\BuildLiteBehavior [ RunTime:0.000000s ]
INFO: [ app_init ] --END-- [ RunTime:0.000000s ]
ERR: 无法加载模块:File

[ 2016-10-17T18:31:56+08:00 ] 188.162.228.29 /file/upload/201511/24/165516751.jpg
INFO: [ app_init ] --START--
INFO: Run Behavior\BuildLiteBehavior [ RunTime:0.000000s ]
INFO: [ app_init ] --END-- [ RunTime:0.000000s ]
ERR: 无法加载模块:File

[ 2016-10-17T18:32:01+08:00 ] 188.162.228.29 /file/upload/201511/24/165217251.jpg
INFO: [ app_init ] --START--
INFO: Run Behavior\BuildLiteBehavior [ RunTime:0.000000s ]
INFO: [ app_init ] --END-- [ RunTime:0.000000s ]
ERR: 无法加载模块:File

[ 2016-10-17T18:32:06+08:00 ] 188.162.228.29 /file/upload/201511/24/165312841.jpg
INFO: [ app_init ] --START--
INFO: Run Behavior\BuildLiteBehavior [ RunTime:0.000000s ]
INFO: [ app_init ] --END-- [ RunTime:0.000000s ]
ERR: 无法加载模块:File

